[NX v21.3.11 Daemon Server] - 2025-08-11T08:13:04.699Z - Started listening on: /private/var/folders/hy/xx_nrsyj2mvdwy56_kb2dzk80000gp/T/b6264e4994afe7637da5/d.sock
[NX v21.3.11 Daemon Server] - 2025-08-11T08:13:04.701Z - [WATCHER]: Subscribed to changes within: /Users/user/Documents/StockManagement (native)
[NX v21.3.11 Daemon Server] - 2025-08-11T08:13:04.708Z - Established a connection. Number of open connections: 1
[NX v21.3.11 Daemon Server] - 2025-08-11T08:13:04.708Z - Established a connection. Number of open connections: 2
[NX v21.3.11 Daemon Server] - 2025-08-11T08:13:04.710Z - Closed a connection. Number of open connections: 1
[NX v21.3.11 Daemon Server] - 2025-08-11T08:13:04.711Z - [REQUEST]: Client Request for Project Graph Received
Time for 'plugin worker 78586 code loading' 2.017208
Time for 'plugin worker 78587 code loading' 1.8441660000000013
Time for 'plugin worker 78588 code loading' 2.344334
Time for 'plugin worker 78589 code loading' 3.0508749999999996
[NX v21.3.11 Daemon Server] - 2025-08-11T08:13:04.761Z - [WATCHER]: Processing file changes in outputs
[NX v21.3.11 Daemon Server] - 2025-08-11T08:13:04.762Z - [WATCHER]: 2 file(s) created or restored, 0 file(s) modified, 0 file(s) deleted
[NX v21.3.11 Daemon Server] - 2025-08-11T08:13:04.840Z - Time taken for 'Load Nx Plugin: /Users/user/Documents/StockManagement/node_modules/nx/src/plugins/project-json/build-nodes/project-json' 127.33441699999999ms
[NX v21.3.11 Daemon Server] - 2025-08-11T08:13:04.842Z - Time taken for 'Load Nx Plugin: /Users/user/Documents/StockManagement/node_modules/nx/src/plugins/js' 129.90366699999998ms
[NX v21.3.11 Daemon Server] - 2025-08-11T08:13:04.852Z - Time taken for 'loadDefaultNxPlugins' 140.047375ms
[NX v21.3.11 Daemon Server] - 2025-08-11T08:13:04.882Z - Recomputing project graph because of 2 updated and 0 deleted files.
[NX v21.3.11 Daemon Server] - 2025-08-11T08:13:04.883Z - [REQUEST]: Updated workspace context based on watched changes, recomputing project graph...
[NX v21.3.11 Daemon Server] - 2025-08-11T08:13:04.883Z - [REQUEST]: .nx/workspace-data/d/server-process.json,.nx/workspace-data/nx_files.nxt
[NX v21.3.11 Daemon Server] - 2025-08-11T08:13:04.883Z - [REQUEST]: 
[NX v21.3.11 Daemon Server] - 2025-08-11T08:13:04.916Z - [REQUEST]: Updated workspace context based on watched changes, recomputing project graph...
[NX v21.3.11 Daemon Server] - 2025-08-11T08:13:04.916Z - [REQUEST]: .nx/workspace-data/d/server-process.json,.nx/workspace-data/nx_files.nxt
[NX v21.3.11 Daemon Server] - 2025-08-11T08:13:04.916Z - [REQUEST]: 
Time for 'nx/core/project-json:createNodes' 0.5049160000000086
Time for 'nx/core/package-json:createNodes' 1.437250000000006
[NX v21.3.11 Daemon Server] - 2025-08-11T08:13:04.934Z - Time taken for 'loadSpecifiedNxPlugins' 171.11991700000002ms
Time for 'nx/core/package-json:createNodes' 0.6206659999999999
Time for 'nx/core/project-json:createNodes' 0.37599999999997635
[NX v21.3.11 Daemon Server] - 2025-08-11T08:13:04.935Z - Established a connection. Number of open connections: 2
[NX v21.3.11 Daemon Server] - 2025-08-11T08:13:04.935Z - Established a connection. Number of open connections: 3
[NX v21.3.11 Daemon Server] - 2025-08-11T08:13:04.936Z - Closed a connection. Number of open connections: 2
Time for 'nx/js/dependencies-and-lockfile:createNodes' 14.675709000000012
Time for 'nx/js/dependencies-and-lockfile:createNodes' 2.720124999999996
[NX v21.3.11 Daemon Server] - 2025-08-11T08:13:04.961Z - [REQUEST]: Responding to the client. handleGlob
[NX v21.3.11 Daemon Server] - 2025-08-11T08:13:04.961Z - Done responding to the client handleGlob
[NX v21.3.11 Daemon Server] - 2025-08-11T08:13:04.961Z - Handled GLOB. Handling time: 25. Response time: 0.
Time for 'total for sendMessageToDaemon()' 28.82887500000001
Time for 'deserialize daemon response' 0.02308400000001143
[NX v21.3.11 Daemon Server] - 2025-08-11T08:13:04.983Z - [REQUEST]: Responding to the client. handleGlob
[NX v21.3.11 Daemon Server] - 2025-08-11T08:13:04.984Z - Done responding to the client handleGlob
[NX v21.3.11 Daemon Server] - 2025-08-11T08:13:04.984Z - Handled GLOB. Handling time: 21. Response time: 1.
Time for 'total for sendMessageToDaemon()' 21.889625000000024
Time for 'deserialize daemon response' 0.018208000000015545
[NX v21.3.11 Daemon Server] - 2025-08-11T08:13:04.992Z - [REQUEST]: Responding to the client. handleHashMultiGlob
[NX v21.3.11 Daemon Server] - 2025-08-11T08:13:04.992Z - Done responding to the client handleHashMultiGlob
[NX v21.3.11 Daemon Server] - 2025-08-11T08:13:04.993Z - Handled HASH_GLOB. Handling time: 7. Response time: 1.
[NX v21.3.11 Daemon Server] - 2025-08-11T08:13:04.997Z - [REQUEST]: Responding to the client. handleHashMultiGlob
[NX v21.3.11 Daemon Server] - 2025-08-11T08:13:04.997Z - Done responding to the client handleHashMultiGlob
[NX v21.3.11 Daemon Server] - 2025-08-11T08:13:04.997Z - Handled HASH_GLOB. Handling time: 1. Response time: 0.
Time for '@nx/eslint/plugin:createNodes' 181.28033299999998
Time for 'total for sendMessageToDaemon()' 8.589083999999986
Time for 'deserialize daemon response' 0.017583999999999378
Time for '@nx/eslint/plugin:createNodes' 181.95800000000003
Time for 'total for sendMessageToDaemon()' 120.05733299999997
Time for 'deserialize daemon response' 0.002415999999982432

 NX   Using `implicitDependencies` for global implicit dependencies configuration is no longer supported.

Use "namedInputs" instead. You can run "nx repair" to automatically migrate your configuration.
For more information about the usage of "namedInputs" see https://nx.dev/deprecated/global-implicit-dependencies#global-implicit-dependencies

[NX v21.3.11 Daemon Server] - 2025-08-11T08:13:05.148Z - Time taken for 'build-project-configs' 187.33412499999997ms

 NX   Using `implicitDependencies` for global implicit dependencies configuration is no longer supported.

Use "namedInputs" instead. You can run "nx repair" to automatically migrate your configuration.
For more information about the usage of "namedInputs" see https://nx.dev/deprecated/global-implicit-dependencies#global-implicit-dependencies

[NX v21.3.11 Daemon Server] - 2025-08-11T08:13:05.151Z - Time taken for 'build-project-configs' 219.05441599999995ms
[NX v21.3.11 Daemon Server] - 2025-08-11T08:13:05.177Z - [WATCHER]: .nx/workspace-data/eslint-2654242865465226088.hash was created or restored
Time for 'build typescript dependencies' 7.409582999999998
[NX v21.3.11 Daemon Server] - 2025-08-11T08:13:05.205Z - Wrote project graph cache to /Users/user/Documents/StockManagement/.nx/workspace-data/project-graph.json
[NX v21.3.11 Daemon Server] - 2025-08-11T08:13:05.205Z - [SYNC]: collect registered sync generators
[NX v21.3.11 Daemon Server] - 2025-08-11T08:13:05.206Z - [REQUEST]: Responding to the client. project-graph
[NX v21.3.11 Daemon Server] - 2025-08-11T08:13:05.206Z - Time taken for 'total for creating and serializing project graph' 495.16150000000005ms
[NX v21.3.11 Daemon Server] - 2025-08-11T08:13:05.212Z - Done responding to the client project-graph
[NX v21.3.11 Daemon Server] - 2025-08-11T08:13:05.212Z - Handled REQUEST_PROJECT_GRAPH. Handling time: 495. Response time: 6.
Time for 'build typescript dependencies' 2.976832999999999
[NX v21.3.11 Daemon Server] - 2025-08-11T08:13:05.230Z - Wrote project graph cache to /Users/user/Documents/StockManagement/.nx/workspace-data/project-graph.json
[NX v21.3.11 Daemon Server] - 2025-08-11T08:13:05.230Z - [SYNC]: collect registered sync generators
[NX v21.3.11 Daemon Server] - 2025-08-11T08:13:05.230Z - [SYNC]: project graph hash is the same, not collecting task sync generators
[NX v21.3.11 Daemon Server] - 2025-08-11T08:13:05.230Z - [SYNC]: nx.json hash is the same, not collecting global sync generators
[NX v21.3.11 Daemon Server] - 2025-08-11T08:13:05.231Z - Time taken for 'total execution time for createProjectGraph()' 74.43954199999996ms
[NX v21.3.11 Daemon Server] - 2025-08-11T08:13:05.254Z - [WATCHER]: 5 file(s) created or restored, 0 file(s) modified, 3 file(s) deleted
[NX v21.3.11 Daemon Server] - 2025-08-11T08:13:05.254Z - Closed a connection. Number of open connections: 1
[NX v21.3.11 Daemon Server] - 2025-08-11T08:13:05.283Z - [REQUEST]: Updated workspace context based on watched changes, recomputing project graph...
[NX v21.3.11 Daemon Server] - 2025-08-11T08:13:05.283Z - [REQUEST]: .nx/workspace-data/eslint-2654242865465226088.hash,.nx/workspace-data/project-graph.json,.nx/workspace-data/file-map.json,.nx/workspace-data/source-maps.json,.nx/workspace-data/parsed-lock-file.json,.nx/workspace-data/lockfile.hash
[NX v21.3.11 Daemon Server] - 2025-08-11T08:13:05.283Z - [REQUEST]: .nx/workspace-data/project-graph.json~82b3bbc5,.nx/workspace-data/source-maps.json~82b3bbc5,.nx/workspace-data/file-map.json~82b3bbc5
[NX v21.3.11 Daemon Server] - 2025-08-11T08:13:05.284Z - Time taken for 'hash changed files from watcher' 4.804332999999929ms
Time for 'nx/core/package-json:createNodes' 0.45562500000005457
[NX v21.3.11 Daemon Server] - 2025-08-11T08:13:05.285Z - [REQUEST]: Responding to the client. handleGlob
[NX v21.3.11 Daemon Server] - 2025-08-11T08:13:05.285Z - Done responding to the client handleGlob
[NX v21.3.11 Daemon Server] - 2025-08-11T08:13:05.285Z - Handled GLOB. Handling time: 0. Response time: 0.
Time for 'nx/core/project-json:createNodes' 0.4832499999999982
Time for 'total for sendMessageToDaemon()' 0.6129999999999427
Time for 'deserialize daemon response' 0.007624999999961801
Time for 'nx/js/dependencies-and-lockfile:createNodes' 4.995374999999967
[NX v21.3.11 Daemon Server] - 2025-08-11T08:13:05.291Z - [REQUEST]: Responding to the client. handleHashMultiGlob
[NX v21.3.11 Daemon Server] - 2025-08-11T08:13:05.291Z - Done responding to the client handleHashMultiGlob
[NX v21.3.11 Daemon Server] - 2025-08-11T08:13:05.291Z - Handled HASH_GLOB. Handling time: 5. Response time: 0.
Time for '@nx/eslint/plugin:createNodes' 8.152708000000075
Time for 'total for sendMessageToDaemon()' 6.1189580000000205
Time for 'deserialize daemon response' 0.008750000000077307

 NX   Using `implicitDependencies` for global implicit dependencies configuration is no longer supported.

Use "namedInputs" instead. You can run "nx repair" to automatically migrate your configuration.
For more information about the usage of "namedInputs" see https://nx.dev/deprecated/global-implicit-dependencies#global-implicit-dependencies

[NX v21.3.11 Daemon Server] - 2025-08-11T08:13:05.298Z - Time taken for 'build-project-configs' 12.290583999999967ms
[NX v21.3.11 Daemon Server] - 2025-08-11T08:13:05.307Z - [WATCHER]: 4 file(s) created or restored, 0 file(s) modified, 3 file(s) deleted
Time for 'build typescript dependencies' 0.01929199999995035
[NX v21.3.11 Daemon Server] - 2025-08-11T08:13:05.318Z - Wrote project graph cache to /Users/user/Documents/StockManagement/.nx/workspace-data/project-graph.json
[NX v21.3.11 Daemon Server] - 2025-08-11T08:13:05.318Z - [SYNC]: collect registered sync generators
[NX v21.3.11 Daemon Server] - 2025-08-11T08:13:05.318Z - [SYNC]: project graph hash is the same, not collecting task sync generators
[NX v21.3.11 Daemon Server] - 2025-08-11T08:13:05.318Z - [SYNC]: nx.json hash is the same, not collecting global sync generators
[NX v21.3.11 Daemon Server] - 2025-08-11T08:13:05.318Z - Time taken for 'total execution time for createProjectGraph()' 16.956291999999962ms
[NX v21.3.11 Daemon Server] - 2025-08-11T08:13:05.389Z - [WATCHER]: 3 file(s) created or restored, 0 file(s) modified, 3 file(s) deleted
[NX v21.3.11 Daemon Server] - 2025-08-11T08:13:05.411Z - [REQUEST]: Updated workspace context based on watched changes, recomputing project graph...
[NX v21.3.11 Daemon Server] - 2025-08-11T08:13:05.411Z - [REQUEST]: .nx/workspace-data/project-graph.json,.nx/workspace-data/eslint-2654242865465226088.hash,.nx/workspace-data/source-maps.json,.nx/workspace-data/file-map.json
[NX v21.3.11 Daemon Server] - 2025-08-11T08:13:05.411Z - [REQUEST]: .nx/workspace-data/file-map.json~e8f4d539,.nx/workspace-data/project-graph.json~e8f4d539,.nx/workspace-data/source-maps.json~e8f4d539,.nx/workspace-data/project-graph.json~3f9846ab,.nx/workspace-data/source-maps.json~3f9846ab,.nx/workspace-data/file-map.json~3f9846ab
[NX v21.3.11 Daemon Server] - 2025-08-11T08:13:05.416Z - Time taken for 'hash changed files from watcher' 3.7805000000000746ms
Time for 'nx/core/project-json:createNodes' 0.2831250000000409
Time for 'nx/core/package-json:createNodes' 0.7055830000000469
[NX v21.3.11 Daemon Server] - 2025-08-11T08:13:05.418Z - [REQUEST]: Responding to the client. handleGlob
[NX v21.3.11 Daemon Server] - 2025-08-11T08:13:05.418Z - Done responding to the client handleGlob
[NX v21.3.11 Daemon Server] - 2025-08-11T08:13:05.418Z - Handled GLOB. Handling time: 2. Response time: 0.
Time for 'total for sendMessageToDaemon()' 2.024874999999952
Time for 'deserialize daemon response' 0.012375000000020009
Time for 'nx/js/dependencies-and-lockfile:createNodes' 3.954833000000008
[NX v21.3.11 Daemon Server] - 2025-08-11T08:13:05.421Z - [REQUEST]: Responding to the client. handleHashMultiGlob
[NX v21.3.11 Daemon Server] - 2025-08-11T08:13:05.421Z - Done responding to the client handleHashMultiGlob
[NX v21.3.11 Daemon Server] - 2025-08-11T08:13:05.421Z - Handled HASH_GLOB. Handling time: 2. Response time: 0.
Time for '@nx/eslint/plugin:createNodes' 5.669499999999971
Time for 'total for sendMessageToDaemon()' 2.5896659999999656
Time for 'deserialize daemon response' 0.00566599999990558

 NX   Using `implicitDependencies` for global implicit dependencies configuration is no longer supported.

Use "namedInputs" instead. You can run "nx repair" to automatically migrate your configuration.
For more information about the usage of "namedInputs" see https://nx.dev/deprecated/global-implicit-dependencies#global-implicit-dependencies

[NX v21.3.11 Daemon Server] - 2025-08-11T08:13:05.424Z - Time taken for 'build-project-configs' 8.236917000000062ms
Time for 'build typescript dependencies' 0.0072920000000067375
[NX v21.3.11 Daemon Server] - 2025-08-11T08:13:05.439Z - Wrote project graph cache to /Users/user/Documents/StockManagement/.nx/workspace-data/project-graph.json
[NX v21.3.11 Daemon Server] - 2025-08-11T08:13:05.439Z - [SYNC]: collect registered sync generators
[NX v21.3.11 Daemon Server] - 2025-08-11T08:13:05.439Z - [SYNC]: project graph hash is the same, not collecting task sync generators
[NX v21.3.11 Daemon Server] - 2025-08-11T08:13:05.439Z - [SYNC]: nx.json hash is the same, not collecting global sync generators
[NX v21.3.11 Daemon Server] - 2025-08-11T08:13:05.439Z - Time taken for 'total execution time for createProjectGraph()' 9.781999999999925ms
[NX v21.3.11 Daemon Server] - 2025-08-11T08:13:05.504Z - [WATCHER]: 4 file(s) created or restored, 0 file(s) modified, 3 file(s) deleted
[NX v21.3.11 Daemon Server] - 2025-08-11T08:13:05.614Z - [REQUEST]: Updated workspace context based on watched changes, recomputing project graph...
[NX v21.3.11 Daemon Server] - 2025-08-11T08:13:05.614Z - [REQUEST]: .nx/workspace-data/source-maps.json,.nx/workspace-data/project-graph.json,.nx/workspace-data/eslint-2654242865465226088.hash,.nx/workspace-data/file-map.json
[NX v21.3.11 Daemon Server] - 2025-08-11T08:13:05.614Z - [REQUEST]: .nx/workspace-data/file-map.json~f81e065e,.nx/workspace-data/project-graph.json~f81e065e,.nx/workspace-data/source-maps.json~f81e065e
Time for 'nx/core/project-json:createNodes' 0.32508400000006077
Time for 'nx/core/package-json:createNodes' 0.5416669999999613
[NX v21.3.11 Daemon Server] - 2025-08-11T08:13:05.621Z - Time taken for 'hash changed files from watcher' 10.167625000000044ms
Time for 'nx/js/dependencies-and-lockfile:createNodes' 3.2414999999999736
[NX v21.3.11 Daemon Server] - 2025-08-11T08:13:05.652Z - [REQUEST]: Responding to the client. handleGlob
[NX v21.3.11 Daemon Server] - 2025-08-11T08:13:05.652Z - Done responding to the client handleGlob
[NX v21.3.11 Daemon Server] - 2025-08-11T08:13:05.652Z - Handled GLOB. Handling time: 31. Response time: 0.
Time for 'total for sendMessageToDaemon()' 32.492624999999975
Time for 'deserialize daemon response' 0.013666000000057466
[NX v21.3.11 Daemon Server] - 2025-08-11T08:13:05.682Z - [REQUEST]: Responding to the client. handleHashMultiGlob
[NX v21.3.11 Daemon Server] - 2025-08-11T08:13:05.682Z - Done responding to the client handleHashMultiGlob
[NX v21.3.11 Daemon Server] - 2025-08-11T08:13:05.682Z - Handled HASH_GLOB. Handling time: 30. Response time: 0.
Time for '@nx/eslint/plugin:createNodes' 63.99812499999996
Time for 'total for sendMessageToDaemon()' 30.251750000000015
Time for 'deserialize daemon response' 0.016417000000046755

 NX   Using `implicitDependencies` for global implicit dependencies configuration is no longer supported.

Use "namedInputs" instead. You can run "nx repair" to automatically migrate your configuration.
For more information about the usage of "namedInputs" see https://nx.dev/deprecated/global-implicit-dependencies#global-implicit-dependencies

[NX v21.3.11 Daemon Server] - 2025-08-11T08:13:05.689Z - Time taken for 'build-project-configs' 68.95004199999994ms
Time for 'build typescript dependencies' 0.021457999999938693
[NX v21.3.11 Daemon Server] - 2025-08-11T08:13:05.710Z - Wrote project graph cache to /Users/user/Documents/StockManagement/.nx/workspace-data/project-graph.json
[NX v21.3.11 Daemon Server] - 2025-08-11T08:13:05.710Z - [SYNC]: collect registered sync generators
[NX v21.3.11 Daemon Server] - 2025-08-11T08:13:05.710Z - [SYNC]: project graph hash is the same, not collecting task sync generators
[NX v21.3.11 Daemon Server] - 2025-08-11T08:13:05.710Z - [SYNC]: nx.json hash is the same, not collecting global sync generators
[NX v21.3.11 Daemon Server] - 2025-08-11T08:13:05.710Z - Time taken for 'total execution time for createProjectGraph()' 16.960749999999962ms
[NX v21.3.11 Daemon Server] - 2025-08-11T08:13:05.748Z - [WATCHER]: 4 file(s) created or restored, 0 file(s) modified, 3 file(s) deleted
[NX v21.3.11 Daemon Server] - 2025-08-11T08:13:05.859Z - [REQUEST]: Updated workspace context based on watched changes, recomputing project graph...
[NX v21.3.11 Daemon Server] - 2025-08-11T08:13:05.860Z - [REQUEST]: .nx/workspace-data/eslint-2654242865465226088.hash,.nx/workspace-data/source-maps.json,.nx/workspace-data/file-map.json,.nx/workspace-data/project-graph.json
[NX v21.3.11 Daemon Server] - 2025-08-11T08:13:05.860Z - [REQUEST]: .nx/workspace-data/project-graph.json~b20c82eb,.nx/workspace-data/source-maps.json~b20c82eb,.nx/workspace-data/file-map.json~b20c82eb
[NX v21.3.11 Daemon Server] - 2025-08-11T08:13:05.903Z - Time taken for 'hash changed files from watcher' 10.300083000000086ms
Time for 'nx/core/project-json:createNodes' 0.6938329999998132
Time for 'nx/core/package-json:createNodes' 1.110834000000068
Time for 'nx/js/dependencies-and-lockfile:createNodes' 6.63470899999993
[NX v21.3.11 Daemon Server] - 2025-08-11T08:13:05.912Z - [REQUEST]: Responding to the client. handleGlob
[NX v21.3.11 Daemon Server] - 2025-08-11T08:13:05.912Z - Done responding to the client handleGlob
[NX v21.3.11 Daemon Server] - 2025-08-11T08:13:05.912Z - Handled GLOB. Handling time: 8. Response time: 0.
Time for 'total for sendMessageToDaemon()' 8.914624999999887
Time for 'deserialize daemon response' 0.02624999999989086
[NX v21.3.11 Daemon Server] - 2025-08-11T08:13:05.914Z - [REQUEST]: Responding to the client. handleHashMultiGlob
[NX v21.3.11 Daemon Server] - 2025-08-11T08:13:05.914Z - Done responding to the client handleHashMultiGlob
[NX v21.3.11 Daemon Server] - 2025-08-11T08:13:05.914Z - Handled HASH_GLOB. Handling time: 1. Response time: 0.
Time for '@nx/eslint/plugin:createNodes' 12.418249999999944
Time for 'total for sendMessageToDaemon()' 2.007374999999911
Time for 'deserialize daemon response' 0.012375000000020009

 NX   Using `implicitDependencies` for global implicit dependencies configuration is no longer supported.

Use "namedInputs" instead. You can run "nx repair" to automatically migrate your configuration.
For more information about the usage of "namedInputs" see https://nx.dev/deprecated/global-implicit-dependencies#global-implicit-dependencies

[NX v21.3.11 Daemon Server] - 2025-08-11T08:13:05.922Z - Time taken for 'build-project-configs' 18.26608299999998ms
Time for 'build typescript dependencies' 0.03679200000010496
[NX v21.3.11 Daemon Server] - 2025-08-11T08:13:05.946Z - Wrote project graph cache to /Users/user/Documents/StockManagement/.nx/workspace-data/project-graph.json
[NX v21.3.11 Daemon Server] - 2025-08-11T08:13:05.946Z - [SYNC]: collect registered sync generators
[NX v21.3.11 Daemon Server] - 2025-08-11T08:13:05.946Z - [SYNC]: project graph hash is the same, not collecting task sync generators
[NX v21.3.11 Daemon Server] - 2025-08-11T08:13:05.946Z - [SYNC]: nx.json hash is the same, not collecting global sync generators
[NX v21.3.11 Daemon Server] - 2025-08-11T08:13:05.946Z - Time taken for 'total execution time for createProjectGraph()' 20.626958999999943ms
[NX v21.3.11 Daemon Server] - 2025-08-11T08:13:05.998Z - [WATCHER]: 4 file(s) created or restored, 0 file(s) modified, 3 file(s) deleted
[NX v21.3.11 Daemon Server] - 2025-08-11T08:13:06.109Z - [REQUEST]: Updated workspace context based on watched changes, recomputing project graph...
[NX v21.3.11 Daemon Server] - 2025-08-11T08:13:06.109Z - [REQUEST]: .nx/workspace-data/file-map.json,.nx/workspace-data/source-maps.json,.nx/workspace-data/project-graph.json,.nx/workspace-data/eslint-2654242865465226088.hash
[NX v21.3.11 Daemon Server] - 2025-08-11T08:13:06.109Z - [REQUEST]: .nx/workspace-data/source-maps.json~63fe8a53,.nx/workspace-data/file-map.json~63fe8a53,.nx/workspace-data/project-graph.json~63fe8a53
[NX v21.3.11 Daemon Server] - 2025-08-11T08:13:06.172Z - Time taken for 'hash changed files from watcher' 10.272458000000142ms
Time for 'nx/core/project-json:createNodes' 0.6479589999999007
Time for 'nx/core/package-json:createNodes' 2.2399169999998776
Time for 'nx/js/dependencies-and-lockfile:createNodes' 9.265292000000045
[NX v21.3.11 Daemon Server] - 2025-08-11T08:13:06.185Z - [REQUEST]: Responding to the client. handleGlob
[NX v21.3.11 Daemon Server] - 2025-08-11T08:13:06.185Z - Done responding to the client handleGlob
[NX v21.3.11 Daemon Server] - 2025-08-11T08:13:06.185Z - Handled GLOB. Handling time: 11. Response time: 0.
Time for 'total for sendMessageToDaemon()' 13.362124999999878
Time for 'deserialize daemon response' 0.016915999999810083
[NX v21.3.11 Daemon Server] - 2025-08-11T08:13:06.187Z - [REQUEST]: Responding to the client. handleHashMultiGlob
[NX v21.3.11 Daemon Server] - 2025-08-11T08:13:06.187Z - Done responding to the client handleHashMultiGlob
[NX v21.3.11 Daemon Server] - 2025-08-11T08:13:06.187Z - Handled HASH_GLOB. Handling time: 1. Response time: 0.
Time for '@nx/eslint/plugin:createNodes' 16.00008300000013
Time for 'total for sendMessageToDaemon()' 1.5765000000001237
Time for 'deserialize daemon response' 0.006709000000000742

 NX   Using `implicitDependencies` for global implicit dependencies configuration is no longer supported.

Use "namedInputs" instead. You can run "nx repair" to automatically migrate your configuration.
For more information about the usage of "namedInputs" see https://nx.dev/deprecated/global-implicit-dependencies#global-implicit-dependencies

[NX v21.3.11 Daemon Server] - 2025-08-11T08:13:06.193Z - Time taken for 'build-project-configs' 20.98087499999997ms
Time for 'build typescript dependencies' 0.01608299999998053
[NX v21.3.11 Daemon Server] - 2025-08-11T08:13:06.212Z - Wrote project graph cache to /Users/user/Documents/StockManagement/.nx/workspace-data/project-graph.json
[NX v21.3.11 Daemon Server] - 2025-08-11T08:13:06.212Z - [SYNC]: collect registered sync generators
[NX v21.3.11 Daemon Server] - 2025-08-11T08:13:06.212Z - [SYNC]: project graph hash is the same, not collecting task sync generators
[NX v21.3.11 Daemon Server] - 2025-08-11T08:13:06.212Z - [SYNC]: nx.json hash is the same, not collecting global sync generators
[NX v21.3.11 Daemon Server] - 2025-08-11T08:13:06.212Z - Time taken for 'total execution time for createProjectGraph()' 15.299250000000029ms
[NX v21.3.11 Daemon Server] - 2025-08-11T08:13:06.254Z - [WATCHER]: 3 file(s) created or restored, 1 file(s) modified, 3 file(s) deleted
[NX v21.3.11 Daemon Server] - 2025-08-11T08:13:06.355Z - [REQUEST]: Updated workspace context based on watched changes, recomputing project graph...
[NX v21.3.11 Daemon Server] - 2025-08-11T08:13:06.355Z - [REQUEST]: .nx/workspace-data/source-maps.json,.nx/workspace-data/file-map.json,.nx/workspace-data/project-graph.json,.nx/workspace-data/eslint-2654242865465226088.hash
[NX v21.3.11 Daemon Server] - 2025-08-11T08:13:06.355Z - [REQUEST]: .nx/workspace-data/project-graph.json~684c2d73,.nx/workspace-data/file-map.json~684c2d73,.nx/workspace-data/source-maps.json~684c2d73
[NX v21.3.11 Daemon Server] - 2025-08-11T08:13:06.358Z - Time taken for 'hash changed files from watcher' 0.569208000000117ms
Time for 'nx/core/project-json:createNodes' 0.49995800000010604
Time for 'nx/core/package-json:createNodes' 0.769207999999935
[NX v21.3.11 Daemon Server] - 2025-08-11T08:13:06.362Z - [REQUEST]: Responding to the client. handleGlob
[NX v21.3.11 Daemon Server] - 2025-08-11T08:13:06.362Z - Done responding to the client handleGlob
[NX v21.3.11 Daemon Server] - 2025-08-11T08:13:06.362Z - Handled GLOB. Handling time: 4. Response time: 0.
Time for 'total for sendMessageToDaemon()' 4.30600000000004
Time for 'deserialize daemon response' 0.008874999999989086
Time for 'nx/js/dependencies-and-lockfile:createNodes' 4.805624999999964
[NX v21.3.11 Daemon Server] - 2025-08-11T08:13:06.364Z - [REQUEST]: Responding to the client. handleHashMultiGlob
[NX v21.3.11 Daemon Server] - 2025-08-11T08:13:06.364Z - Done responding to the client handleHashMultiGlob
[NX v21.3.11 Daemon Server] - 2025-08-11T08:13:06.364Z - Handled HASH_GLOB. Handling time: 1. Response time: 0.
Time for '@nx/eslint/plugin:createNodes' 7.433958000000075
Time for 'total for sendMessageToDaemon()' 2.02800000000002
Time for 'deserialize daemon response' 0.010833000000047832

 NX   Using `implicitDependencies` for global implicit dependencies configuration is no longer supported.

Use "namedInputs" instead. You can run "nx repair" to automatically migrate your configuration.
For more information about the usage of "namedInputs" see https://nx.dev/deprecated/global-implicit-dependencies#global-implicit-dependencies

[NX v21.3.11 Daemon Server] - 2025-08-11T08:13:06.370Z - Time taken for 'build-project-configs' 11.80862500000012ms
Time for 'build typescript dependencies' 0.017749999999978172
[NX v21.3.11 Daemon Server] - 2025-08-11T08:13:06.390Z - Wrote project graph cache to /Users/user/Documents/StockManagement/.nx/workspace-data/project-graph.json
[NX v21.3.11 Daemon Server] - 2025-08-11T08:13:06.390Z - [SYNC]: collect registered sync generators
[NX v21.3.11 Daemon Server] - 2025-08-11T08:13:06.390Z - [SYNC]: project graph hash is the same, not collecting task sync generators
[NX v21.3.11 Daemon Server] - 2025-08-11T08:13:06.390Z - [SYNC]: nx.json hash is the same, not collecting global sync generators
[NX v21.3.11 Daemon Server] - 2025-08-11T08:13:06.390Z - Time taken for 'total execution time for createProjectGraph()' 14.636208000000124ms
[NX v21.3.11 Daemon Server] - 2025-08-11T08:13:06.429Z - [WATCHER]: 3 file(s) created or restored, 1 file(s) modified, 3 file(s) deleted
[NX v21.3.11 Daemon Server] - 2025-08-11T08:13:06.530Z - [REQUEST]: Updated workspace context based on watched changes, recomputing project graph...
[NX v21.3.11 Daemon Server] - 2025-08-11T08:13:06.530Z - [REQUEST]: .nx/workspace-data/project-graph.json,.nx/workspace-data/source-maps.json,.nx/workspace-data/file-map.json,.nx/workspace-data/eslint-2654242865465226088.hash
[NX v21.3.11 Daemon Server] - 2025-08-11T08:13:06.530Z - [REQUEST]: .nx/workspace-data/file-map.json~a562795d,.nx/workspace-data/project-graph.json~a562795d,.nx/workspace-data/source-maps.json~a562795d
[NX v21.3.11 Daemon Server] - 2025-08-11T08:13:06.532Z - Time taken for 'hash changed files from watcher' 0.5427079999999478ms
Time for 'nx/core/project-json:createNodes' 0.34208300000000236
Time for 'nx/core/package-json:createNodes' 1.1046249999999418
[NX v21.3.11 Daemon Server] - 2025-08-11T08:13:06.533Z - [REQUEST]: Responding to the client. handleGlob
[NX v21.3.11 Daemon Server] - 2025-08-11T08:13:06.533Z - Done responding to the client handleGlob
[NX v21.3.11 Daemon Server] - 2025-08-11T08:13:06.533Z - Handled GLOB. Handling time: 1. Response time: 0.
Time for 'total for sendMessageToDaemon()' 1.4523750000000746
Time for 'deserialize daemon response' 0.010749999999916326
[NX v21.3.11 Daemon Server] - 2025-08-11T08:13:06.537Z - [REQUEST]: Responding to the client. handleHashMultiGlob
[NX v21.3.11 Daemon Server] - 2025-08-11T08:13:06.537Z - Done responding to the client handleHashMultiGlob
[NX v21.3.11 Daemon Server] - 2025-08-11T08:13:06.537Z - Handled HASH_GLOB. Handling time: 3. Response time: 0.
Time for 'nx/js/dependencies-and-lockfile:createNodes' 5.218124999999873
Time for '@nx/eslint/plugin:createNodes' 6.372290999999905
Time for 'total for sendMessageToDaemon()' 3.7380410000000666
Time for 'deserialize daemon response' 0.0073749999999108695

 NX   Using `implicitDependencies` for global implicit dependencies configuration is no longer supported.

Use "namedInputs" instead. You can run "nx repair" to automatically migrate your configuration.
For more information about the usage of "namedInputs" see https://nx.dev/deprecated/global-implicit-dependencies#global-implicit-dependencies

[NX v21.3.11 Daemon Server] - 2025-08-11T08:13:06.544Z - Time taken for 'build-project-configs' 10.267458000000033ms
Time for 'build typescript dependencies' 0.021041999999852123
[NX v21.3.11 Daemon Server] - 2025-08-11T08:13:06.562Z - Wrote project graph cache to /Users/user/Documents/StockManagement/.nx/workspace-data/project-graph.json
[NX v21.3.11 Daemon Server] - 2025-08-11T08:13:06.563Z - [SYNC]: collect registered sync generators
[NX v21.3.11 Daemon Server] - 2025-08-11T08:13:06.563Z - [SYNC]: project graph hash is the same, not collecting task sync generators
[NX v21.3.11 Daemon Server] - 2025-08-11T08:13:06.563Z - [SYNC]: nx.json hash is the same, not collecting global sync generators
[NX v21.3.11 Daemon Server] - 2025-08-11T08:13:06.563Z - Time taken for 'total execution time for createProjectGraph()' 15.153542000000016ms
[NX v21.3.11 Daemon Server] - 2025-08-11T08:13:06.612Z - [WATCHER]: 3 file(s) created or restored, 1 file(s) modified, 3 file(s) deleted
[NX v21.3.11 Daemon Server] - 2025-08-11T08:13:06.723Z - [REQUEST]: Updated workspace context based on watched changes, recomputing project graph...
[NX v21.3.11 Daemon Server] - 2025-08-11T08:13:06.723Z - [REQUEST]: .nx/workspace-data/file-map.json,.nx/workspace-data/source-maps.json,.nx/workspace-data/project-graph.json,.nx/workspace-data/eslint-2654242865465226088.hash
[NX v21.3.11 Daemon Server] - 2025-08-11T08:13:06.723Z - [REQUEST]: .nx/workspace-data/source-maps.json~49398f08,.nx/workspace-data/project-graph.json~49398f08,.nx/workspace-data/file-map.json~49398f08
[NX v21.3.11 Daemon Server] - 2025-08-11T08:13:06.775Z - Time taken for 'hash changed files from watcher' 10.292207999999846ms
Time for 'nx/core/project-json:createNodes' 0.25520800000003874
Time for 'nx/core/package-json:createNodes' 0.5082079999999678
Time for 'nx/js/dependencies-and-lockfile:createNodes' 6.37241599999993
[NX v21.3.11 Daemon Server] - 2025-08-11T08:13:06.786Z - [REQUEST]: Responding to the client. handleGlob
[NX v21.3.11 Daemon Server] - 2025-08-11T08:13:06.787Z - Done responding to the client handleGlob
[NX v21.3.11 Daemon Server] - 2025-08-11T08:13:06.787Z - Handled GLOB. Handling time: 11. Response time: 1.
Time for 'total for sendMessageToDaemon()' 11.99691699999994
Time for 'deserialize daemon response' 0.013875000000098225
[NX v21.3.11 Daemon Server] - 2025-08-11T08:13:06.788Z - [REQUEST]: Responding to the client. handleHashMultiGlob
[NX v21.3.11 Daemon Server] - 2025-08-11T08:13:06.788Z - Done responding to the client handleHashMultiGlob
[NX v21.3.11 Daemon Server] - 2025-08-11T08:13:06.788Z - Handled HASH_GLOB. Handling time: 1. Response time: 0.
Time for '@nx/eslint/plugin:createNodes' 14.475916999999981
Time for 'total for sendMessageToDaemon()' 1.435124999999971
Time for 'deserialize daemon response' 0.007750000000214641

 NX   Using `implicitDependencies` for global implicit dependencies configuration is no longer supported.

Use "namedInputs" instead. You can run "nx repair" to automatically migrate your configuration.
For more information about the usage of "namedInputs" see https://nx.dev/deprecated/global-implicit-dependencies#global-implicit-dependencies

[NX v21.3.11 Daemon Server] - 2025-08-11T08:13:06.795Z - Time taken for 'build-project-configs' 19.00366699999995ms
Time for 'build typescript dependencies' 0.02220900000020265
[NX v21.3.11 Daemon Server] - 2025-08-11T08:13:06.815Z - Wrote project graph cache to /Users/user/Documents/StockManagement/.nx/workspace-data/project-graph.json
[NX v21.3.11 Daemon Server] - 2025-08-11T08:13:06.815Z - [SYNC]: collect registered sync generators
[NX v21.3.11 Daemon Server] - 2025-08-11T08:13:06.815Z - [SYNC]: project graph hash is the same, not collecting task sync generators
[NX v21.3.11 Daemon Server] - 2025-08-11T08:13:06.815Z - [SYNC]: nx.json hash is the same, not collecting global sync generators
[NX v21.3.11 Daemon Server] - 2025-08-11T08:13:06.815Z - Time taken for 'total execution time for createProjectGraph()' 16.073707999999897ms
[NX v21.3.11 Daemon Server] - 2025-08-11T08:13:06.852Z - [WATCHER]: 3 file(s) created or restored, 1 file(s) modified, 3 file(s) deleted
[NX v21.3.11 Daemon Server] - 2025-08-11T08:13:06.953Z - [REQUEST]: Updated workspace context based on watched changes, recomputing project graph...
[NX v21.3.11 Daemon Server] - 2025-08-11T08:13:06.953Z - [REQUEST]: .nx/workspace-data/source-maps.json,.nx/workspace-data/project-graph.json,.nx/workspace-data/file-map.json,.nx/workspace-data/eslint-2654242865465226088.hash
[NX v21.3.11 Daemon Server] - 2025-08-11T08:13:06.953Z - [REQUEST]: .nx/workspace-data/file-map.json~7ab00d2d,.nx/workspace-data/project-graph.json~7ab00d2d,.nx/workspace-data/source-maps.json~7ab00d2d
[NX v21.3.11 Daemon Server] - 2025-08-11T08:13:06.955Z - Time taken for 'hash changed files from watcher' 0.5512910000002194ms
Time for 'nx/core/project-json:createNodes' 0.25895800000034797
Time for 'nx/core/package-json:createNodes' 0.4958329999999478
[NX v21.3.11 Daemon Server] - 2025-08-11T08:13:06.956Z - [REQUEST]: Responding to the client. handleGlob
[NX v21.3.11 Daemon Server] - 2025-08-11T08:13:06.956Z - Done responding to the client handleGlob
[NX v21.3.11 Daemon Server] - 2025-08-11T08:13:06.956Z - Handled GLOB. Handling time: 1. Response time: 0.
Time for 'total for sendMessageToDaemon()' 1.1858750000001237
Time for 'deserialize daemon response' 0.012625000000298314
Time for 'nx/js/dependencies-and-lockfile:createNodes' 2.5227089999998498
[NX v21.3.11 Daemon Server] - 2025-08-11T08:13:06.958Z - [REQUEST]: Responding to the client. handleHashMultiGlob
[NX v21.3.11 Daemon Server] - 2025-08-11T08:13:06.958Z - Done responding to the client handleHashMultiGlob
[NX v21.3.11 Daemon Server] - 2025-08-11T08:13:06.958Z - Handled HASH_GLOB. Handling time: 1. Response time: 0.
Time for '@nx/eslint/plugin:createNodes' 3.883542000000034
Time for 'total for sendMessageToDaemon()' 1.9542500000002292
Time for 'deserialize daemon response' 0.005415999999968335

 NX   Using `implicitDependencies` for global implicit dependencies configuration is no longer supported.

Use "namedInputs" instead. You can run "nx repair" to automatically migrate your configuration.
For more information about the usage of "namedInputs" see https://nx.dev/deprecated/global-implicit-dependencies#global-implicit-dependencies

[NX v21.3.11 Daemon Server] - 2025-08-11T08:13:06.964Z - Time taken for 'build-project-configs' 8.11704200000031ms
Time for 'build typescript dependencies' 0.019332999999733147
[NX v21.3.11 Daemon Server] - 2025-08-11T08:13:06.985Z - Wrote project graph cache to /Users/user/Documents/StockManagement/.nx/workspace-data/project-graph.json
[NX v21.3.11 Daemon Server] - 2025-08-11T08:13:06.985Z - [SYNC]: collect registered sync generators
[NX v21.3.11 Daemon Server] - 2025-08-11T08:13:06.985Z - [SYNC]: project graph hash is the same, not collecting task sync generators
[NX v21.3.11 Daemon Server] - 2025-08-11T08:13:06.986Z - [SYNC]: nx.json hash is the same, not collecting global sync generators
[NX v21.3.11 Daemon Server] - 2025-08-11T08:13:06.986Z - Time taken for 'total execution time for createProjectGraph()' 16.82508400000006ms
[NX v21.3.11 Daemon Server] - 2025-08-11T08:13:07.028Z - [WATCHER]: 3 file(s) created or restored, 1 file(s) modified, 3 file(s) deleted
[NX v21.3.11 Daemon Server] - 2025-08-11T08:13:07.139Z - [REQUEST]: Updated workspace context based on watched changes, recomputing project graph...
[NX v21.3.11 Daemon Server] - 2025-08-11T08:13:07.139Z - [REQUEST]: .nx/workspace-data/source-maps.json,.nx/workspace-data/file-map.json,.nx/workspace-data/project-graph.json,.nx/workspace-data/eslint-2654242865465226088.hash
[NX v21.3.11 Daemon Server] - 2025-08-11T08:13:07.139Z - [REQUEST]: .nx/workspace-data/file-map.json~82199563,.nx/workspace-data/project-graph.json~82199563,.nx/workspace-data/source-maps.json~82199563
[NX v21.3.11 Daemon Server] - 2025-08-11T08:13:07.191Z - Time taken for 'hash changed files from watcher' 10.224290999999994ms
Time for 'nx/core/project-json:createNodes' 0.371208999999908
Time for 'nx/core/package-json:createNodes' 0.6599169999999503
[NX v21.3.11 Daemon Server] - 2025-08-11T08:13:07.193Z - [REQUEST]: Responding to the client. handleGlob
[NX v21.3.11 Daemon Server] - 2025-08-11T08:13:07.193Z - Done responding to the client handleGlob
[NX v21.3.11 Daemon Server] - 2025-08-11T08:13:07.193Z - Handled GLOB. Handling time: 1. Response time: 0.
Time for 'total for sendMessageToDaemon()' 2.0163330000000315
Time for 'deserialize daemon response' 0.022625000000061846
Time for 'nx/js/dependencies-and-lockfile:createNodes' 6.148250000000189
[NX v21.3.11 Daemon Server] - 2025-08-11T08:13:07.259Z - [REQUEST]: Responding to the client. handleHashMultiGlob
[NX v21.3.11 Daemon Server] - 2025-08-11T08:13:07.259Z - Done responding to the client handleHashMultiGlob
[NX v21.3.11 Daemon Server] - 2025-08-11T08:13:07.259Z - Handled HASH_GLOB. Handling time: 65. Response time: 0.
Time for '@nx/eslint/plugin:createNodes' 69.46954099999994
Time for 'total for sendMessageToDaemon()' 66.00712500000009
Time for 'deserialize daemon response' 0.021124999999756255

 NX   Using `implicitDependencies` for global implicit dependencies configuration is no longer supported.

Use "namedInputs" instead. You can run "nx repair" to automatically migrate your configuration.
For more information about the usage of "namedInputs" see https://nx.dev/deprecated/global-implicit-dependencies#global-implicit-dependencies

[NX v21.3.11 Daemon Server] - 2025-08-11T08:13:07.267Z - Time taken for 'build-project-configs' 74.80854200000022ms
Time for 'build typescript dependencies' 0.024166000000150234
[NX v21.3.11 Daemon Server] - 2025-08-11T08:13:07.288Z - Wrote project graph cache to /Users/user/Documents/StockManagement/.nx/workspace-data/project-graph.json
[NX v21.3.11 Daemon Server] - 2025-08-11T08:13:07.289Z - [SYNC]: collect registered sync generators
[NX v21.3.11 Daemon Server] - 2025-08-11T08:13:07.289Z - [SYNC]: project graph hash is the same, not collecting task sync generators
[NX v21.3.11 Daemon Server] - 2025-08-11T08:13:07.289Z - [SYNC]: nx.json hash is the same, not collecting global sync generators
[NX v21.3.11 Daemon Server] - 2025-08-11T08:13:07.289Z - Time taken for 'total execution time for createProjectGraph()' 17.578083999999762ms
[NX v21.3.11 Daemon Server] - 2025-08-11T08:13:07.324Z - [WATCHER]: 3 file(s) created or restored, 1 file(s) modified, 3 file(s) deleted
[NX v21.3.11 Daemon Server] - 2025-08-11T08:13:07.435Z - [REQUEST]: Updated workspace context based on watched changes, recomputing project graph...
[NX v21.3.11 Daemon Server] - 2025-08-11T08:13:07.436Z - [REQUEST]: .nx/workspace-data/source-maps.json,.nx/workspace-data/file-map.json,.nx/workspace-data/project-graph.json,.nx/workspace-data/eslint-2654242865465226088.hash
[NX v21.3.11 Daemon Server] - 2025-08-11T08:13:07.436Z - [REQUEST]: .nx/workspace-data/file-map.json~0e029bed,.nx/workspace-data/project-graph.json~0e029bed,.nx/workspace-data/source-maps.json~0e029bed
[NX v21.3.11 Daemon Server] - 2025-08-11T08:13:07.456Z - Time taken for 'hash changed files from watcher' 10.302083000000039ms
Time for 'nx/core/project-json:createNodes' 0.41487499999993815
Time for 'nx/core/package-json:createNodes' 0.8682920000001104
[NX v21.3.11 Daemon Server] - 2025-08-11T08:13:07.459Z - [REQUEST]: Responding to the client. handleGlob
[NX v21.3.11 Daemon Server] - 2025-08-11T08:13:07.459Z - Done responding to the client handleGlob
[NX v21.3.11 Daemon Server] - 2025-08-11T08:13:07.459Z - Handled GLOB. Handling time: 1. Response time: 0.
Time for 'total for sendMessageToDaemon()' 2.658292000000074
Time for 'deserialize daemon response' 0.00687500000003638
[NX v21.3.11 Daemon Server] - 2025-08-11T08:13:07.462Z - [REQUEST]: Responding to the client. handleHashMultiGlob
[NX v21.3.11 Daemon Server] - 2025-08-11T08:13:07.462Z - Done responding to the client handleHashMultiGlob
[NX v21.3.11 Daemon Server] - 2025-08-11T08:13:07.462Z - Handled HASH_GLOB. Handling time: 2. Response time: 0.
Time for '@nx/eslint/plugin:createNodes' 5.953625000000102
Time for 'total for sendMessageToDaemon()' 2.49154099999987
Time for 'deserialize daemon response' 0.003165999999964697
Time for 'nx/js/dependencies-and-lockfile:createNodes' 6.478458000000046

 NX   Using `implicitDependencies` for global implicit dependencies configuration is no longer supported.

Use "namedInputs" instead. You can run "nx repair" to automatically migrate your configuration.
For more information about the usage of "namedInputs" see https://nx.dev/deprecated/global-implicit-dependencies#global-implicit-dependencies

[NX v21.3.11 Daemon Server] - 2025-08-11T08:13:07.470Z - Time taken for 'build-project-configs' 12.03170799999998ms
Time for 'build typescript dependencies' 0.018583999999918888
[NX v21.3.11 Daemon Server] - 2025-08-11T08:13:07.492Z - Wrote project graph cache to /Users/user/Documents/StockManagement/.nx/workspace-data/project-graph.json
[NX v21.3.11 Daemon Server] - 2025-08-11T08:13:07.492Z - [SYNC]: collect registered sync generators
[NX v21.3.11 Daemon Server] - 2025-08-11T08:13:07.492Z - [SYNC]: project graph hash is the same, not collecting task sync generators
[NX v21.3.11 Daemon Server] - 2025-08-11T08:13:07.492Z - [SYNC]: nx.json hash is the same, not collecting global sync generators
[NX v21.3.11 Daemon Server] - 2025-08-11T08:13:07.492Z - Time taken for 'total execution time for createProjectGraph()' 17.86499999999978ms
[NX v21.3.11 Daemon Server] - 2025-08-11T08:13:07.528Z - [WATCHER]: 3 file(s) created or restored, 1 file(s) modified, 3 file(s) deleted
[NX v21.3.11 Daemon Server] - 2025-08-11T08:13:07.638Z - [REQUEST]: Updated workspace context based on watched changes, recomputing project graph...
[NX v21.3.11 Daemon Server] - 2025-08-11T08:13:07.638Z - [REQUEST]: .nx/workspace-data/file-map.json,.nx/workspace-data/source-maps.json,.nx/workspace-data/project-graph.json,.nx/workspace-data/eslint-2654242865465226088.hash
[NX v21.3.11 Daemon Server] - 2025-08-11T08:13:07.638Z - [REQUEST]: .nx/workspace-data/file-map.json~dd118aa2,.nx/workspace-data/project-graph.json~dd118aa2,.nx/workspace-data/source-maps.json~dd118aa2
[NX v21.3.11 Daemon Server] - 2025-08-11T08:13:07.690Z - Time taken for 'hash changed files from watcher' 10.234375ms
Time for 'nx/core/project-json:createNodes' 0.31912499999998545
Time for 'nx/core/package-json:createNodes' 0.6122909999999138
Time for 'nx/js/dependencies-and-lockfile:createNodes' 5.3777500000001055
[NX v21.3.11 Daemon Server] - 2025-08-11T08:13:07.738Z - [REQUEST]: Responding to the client. handleGlob
[NX v21.3.11 Daemon Server] - 2025-08-11T08:13:07.739Z - Done responding to the client handleGlob
[NX v21.3.11 Daemon Server] - 2025-08-11T08:13:07.739Z - Handled GLOB. Handling time: 47. Response time: 1.
Time for 'total for sendMessageToDaemon()' 48.60112500000014
Time for 'deserialize daemon response' 0.023166000000401255
[NX v21.3.11 Daemon Server] - 2025-08-11T08:13:07.790Z - [REQUEST]: Responding to the client. handleHashMultiGlob
[NX v21.3.11 Daemon Server] - 2025-08-11T08:13:07.790Z - Done responding to the client handleHashMultiGlob
[NX v21.3.11 Daemon Server] - 2025-08-11T08:13:07.790Z - Handled HASH_GLOB. Handling time: 50. Response time: 0.
Time for '@nx/eslint/plugin:createNodes' 101.16829199999984
Time for 'total for sendMessageToDaemon()' 51.142207999999755
Time for 'deserialize daemon response' 0.02054099999986647

 NX   Using `implicitDependencies` for global implicit dependencies configuration is no longer supported.

Use "namedInputs" instead. You can run "nx repair" to automatically migrate your configuration.
For more information about the usage of "namedInputs" see https://nx.dev/deprecated/global-implicit-dependencies#global-implicit-dependencies

[NX v21.3.11 Daemon Server] - 2025-08-11T08:13:07.798Z - Time taken for 'build-project-configs' 105.83562499999971ms
Time for 'build typescript dependencies' 0.02562500000021828
[NX v21.3.11 Daemon Server] - 2025-08-11T08:13:07.819Z - Wrote project graph cache to /Users/user/Documents/StockManagement/.nx/workspace-data/project-graph.json
[NX v21.3.11 Daemon Server] - 2025-08-11T08:13:07.819Z - [SYNC]: collect registered sync generators
[NX v21.3.11 Daemon Server] - 2025-08-11T08:13:07.819Z - [SYNC]: project graph hash is the same, not collecting task sync generators
[NX v21.3.11 Daemon Server] - 2025-08-11T08:13:07.819Z - [SYNC]: nx.json hash is the same, not collecting global sync generators
[NX v21.3.11 Daemon Server] - 2025-08-11T08:13:07.819Z - Time taken for 'total execution time for createProjectGraph()' 17.683708000000024ms
[NX v21.3.11 Daemon Server] - 2025-08-11T08:13:07.854Z - [WATCHER]: 3 file(s) created or restored, 1 file(s) modified, 3 file(s) deleted
[NX v21.3.11 Daemon Server] - 2025-08-11T08:13:07.959Z - [REQUEST]: Updated workspace context based on watched changes, recomputing project graph...
[NX v21.3.11 Daemon Server] - 2025-08-11T08:13:07.959Z - [REQUEST]: .nx/workspace-data/source-maps.json,.nx/workspace-data/project-graph.json,.nx/workspace-data/file-map.json,.nx/workspace-data/eslint-2654242865465226088.hash
[NX v21.3.11 Daemon Server] - 2025-08-11T08:13:07.959Z - [REQUEST]: .nx/workspace-data/source-maps.json~cc4a883e,.nx/workspace-data/project-graph.json~cc4a883e,.nx/workspace-data/file-map.json~cc4a883e
[NX v21.3.11 Daemon Server] - 2025-08-11T08:13:07.963Z - Time taken for 'hash changed files from watcher' 3.922791999999845ms
Time for 'nx/core/project-json:createNodes' 0.15058300000009694
Time for 'nx/core/package-json:createNodes' 0.5160409999998592
[NX v21.3.11 Daemon Server] - 2025-08-11T08:13:07.966Z - [REQUEST]: Responding to the client. handleGlob
[NX v21.3.11 Daemon Server] - 2025-08-11T08:13:07.966Z - Done responding to the client handleGlob
[NX v21.3.11 Daemon Server] - 2025-08-11T08:13:07.966Z - Handled GLOB. Handling time: 3. Response time: 0.
Time for 'total for sendMessageToDaemon()' 3.166374999999789
Time for 'deserialize daemon response' 0.013624999999592546
[NX v21.3.11 Daemon Server] - 2025-08-11T08:13:07.968Z - [REQUEST]: Responding to the client. handleHashMultiGlob
[NX v21.3.11 Daemon Server] - 2025-08-11T08:13:07.968Z - Done responding to the client handleHashMultiGlob
[NX v21.3.11 Daemon Server] - 2025-08-11T08:13:07.968Z - Handled HASH_GLOB. Handling time: 1. Response time: 0.
Time for '@nx/eslint/plugin:createNodes' 5.549750000000131
Time for 'total for sendMessageToDaemon()' 1.54950000000008
Time for 'deserialize daemon response' 0.009082999999918684
Time for 'nx/js/dependencies-and-lockfile:createNodes' 5.115334000000075

 NX   Using `implicitDependencies` for global implicit dependencies configuration is no longer supported.

Use "namedInputs" instead. You can run "nx repair" to automatically migrate your configuration.
For more information about the usage of "namedInputs" see https://nx.dev/deprecated/global-implicit-dependencies#global-implicit-dependencies

[NX v21.3.11 Daemon Server] - 2025-08-11T08:13:07.975Z - Time taken for 'build-project-configs' 10.388500000000022ms
Time for 'build typescript dependencies' 0.016125000000101863
[NX v21.3.11 Daemon Server] - 2025-08-11T08:13:07.993Z - Wrote project graph cache to /Users/user/Documents/StockManagement/.nx/workspace-data/project-graph.json
[NX v21.3.11 Daemon Server] - 2025-08-11T08:13:07.993Z - [SYNC]: collect registered sync generators
[NX v21.3.11 Daemon Server] - 2025-08-11T08:13:07.994Z - [SYNC]: project graph hash is the same, not collecting task sync generators
[NX v21.3.11 Daemon Server] - 2025-08-11T08:13:07.994Z - [SYNC]: nx.json hash is the same, not collecting global sync generators
[NX v21.3.11 Daemon Server] - 2025-08-11T08:13:07.994Z - Time taken for 'total execution time for createProjectGraph()' 14.673958000000312ms
[NX v21.3.11 Daemon Server] - 2025-08-11T08:13:08.032Z - [WATCHER]: 3 file(s) created or restored, 1 file(s) modified, 3 file(s) deleted
[NX v21.3.11 Daemon Server] - 2025-08-11T08:13:08.135Z - [REQUEST]: Updated workspace context based on watched changes, recomputing project graph...
[NX v21.3.11 Daemon Server] - 2025-08-11T08:13:08.135Z - [REQUEST]: .nx/workspace-data/project-graph.json,.nx/workspace-data/file-map.json,.nx/workspace-data/source-maps.json,.nx/workspace-data/eslint-2654242865465226088.hash
[NX v21.3.11 Daemon Server] - 2025-08-11T08:13:08.135Z - [REQUEST]: .nx/workspace-data/file-map.json~a337a964,.nx/workspace-data/source-maps.json~a337a964,.nx/workspace-data/project-graph.json~a337a964
[NX v21.3.11 Daemon Server] - 2025-08-11T08:13:08.138Z - Time taken for 'hash changed files from watcher' 2.4889579999999114ms
Time for 'nx/core/project-json:createNodes' 0.1612079999999878
Time for 'nx/core/package-json:createNodes' 0.28816699999970297
[NX v21.3.11 Daemon Server] - 2025-08-11T08:13:08.140Z - [REQUEST]: Responding to the client. handleGlob
[NX v21.3.11 Daemon Server] - 2025-08-11T08:13:08.140Z - Done responding to the client handleGlob
[NX v21.3.11 Daemon Server] - 2025-08-11T08:13:08.140Z - Handled GLOB. Handling time: 2. Response time: 0.
Time for 'total for sendMessageToDaemon()' 1.7910000000001673
Time for 'deserialize daemon response' 0.010333000000173342
[NX v21.3.11 Daemon Server] - 2025-08-11T08:13:08.145Z - [REQUEST]: Responding to the client. handleHashMultiGlob
[NX v21.3.11 Daemon Server] - 2025-08-11T08:13:08.145Z - Done responding to the client handleHashMultiGlob
[NX v21.3.11 Daemon Server] - 2025-08-11T08:13:08.145Z - Handled HASH_GLOB. Handling time: 5. Response time: 0.
Time for 'nx/js/dependencies-and-lockfile:createNodes' 6.182250000000295
Time for '@nx/eslint/plugin:createNodes' 7.8215000000000146
Time for 'total for sendMessageToDaemon()' 5.086041000000023
Time for 'deserialize daemon response' 0.007625000000189175

 NX   Using `implicitDependencies` for global implicit dependencies configuration is no longer supported.

Use "namedInputs" instead. You can run "nx repair" to automatically migrate your configuration.
For more information about the usage of "namedInputs" see https://nx.dev/deprecated/global-implicit-dependencies#global-implicit-dependencies

[NX v21.3.11 Daemon Server] - 2025-08-11T08:13:08.151Z - Time taken for 'build-project-configs' 11.74416599999995ms
Time for 'build typescript dependencies' 0.015750000000025466
[NX v21.3.11 Daemon Server] - 2025-08-11T08:13:08.170Z - Wrote project graph cache to /Users/user/Documents/StockManagement/.nx/workspace-data/project-graph.json
[NX v21.3.11 Daemon Server] - 2025-08-11T08:13:08.170Z - [SYNC]: collect registered sync generators
[NX v21.3.11 Daemon Server] - 2025-08-11T08:13:08.171Z - [SYNC]: project graph hash is the same, not collecting task sync generators
[NX v21.3.11 Daemon Server] - 2025-08-11T08:13:08.171Z - [SYNC]: nx.json hash is the same, not collecting global sync generators
[NX v21.3.11 Daemon Server] - 2025-08-11T08:13:08.171Z - Time taken for 'total execution time for createProjectGraph()' 15.196624999999585ms
[NX v21.3.11 Daemon Server] - 2025-08-11T08:13:08.211Z - [WATCHER]: 3 file(s) created or restored, 1 file(s) modified, 3 file(s) deleted
[NX v21.3.11 Daemon Server] - 2025-08-11T08:13:08.321Z - [REQUEST]: Updated workspace context based on watched changes, recomputing project graph...
[NX v21.3.11 Daemon Server] - 2025-08-11T08:13:08.321Z - [REQUEST]: .nx/workspace-data/file-map.json,.nx/workspace-data/source-maps.json,.nx/workspace-data/project-graph.json,.nx/workspace-data/eslint-2654242865465226088.hash
[NX v21.3.11 Daemon Server] - 2025-08-11T08:13:08.321Z - [REQUEST]: .nx/workspace-data/project-graph.json~ce53c342,.nx/workspace-data/source-maps.json~ce53c342,.nx/workspace-data/file-map.json~ce53c342
[NX v21.3.11 Daemon Server] - 2025-08-11T08:13:08.373Z - Time taken for 'hash changed files from watcher' 10.177333999999973ms
Time for 'nx/core/project-json:createNodes' 0.21929199999976845
Time for 'nx/core/package-json:createNodes' 0.43720900000016627
Time for 'nx/js/dependencies-and-lockfile:createNodes' 2.5686250000003383
[NX v21.3.11 Daemon Server] - 2025-08-11T08:13:08.401Z - [REQUEST]: Responding to the client. handleGlob
[NX v21.3.11 Daemon Server] - 2025-08-11T08:13:08.401Z - Done responding to the client handleGlob
[NX v21.3.11 Daemon Server] - 2025-08-11T08:13:08.401Z - Handled GLOB. Handling time: 28. Response time: 0.
Time for 'total for sendMessageToDaemon()' 28.606124999999793
Time for 'deserialize daemon response' 0.008374999999887223
[NX v21.3.11 Daemon Server] - 2025-08-11T08:13:08.407Z - [REQUEST]: Responding to the client. handleHashMultiGlob
[NX v21.3.11 Daemon Server] - 2025-08-11T08:13:08.407Z - Done responding to the client handleHashMultiGlob
[NX v21.3.11 Daemon Server] - 2025-08-11T08:13:08.407Z - Handled HASH_GLOB. Handling time: 5. Response time: 0.
Time for '@nx/eslint/plugin:createNodes' 34.981166999999914
Time for 'total for sendMessageToDaemon()' 5.482833999999912
Time for 'deserialize daemon response' 0.008417000000008557

 NX   Using `implicitDependencies` for global implicit dependencies configuration is no longer supported.

Use "namedInputs" instead. You can run "nx repair" to automatically migrate your configuration.
For more information about the usage of "namedInputs" see https://nx.dev/deprecated/global-implicit-dependencies#global-implicit-dependencies

[NX v21.3.11 Daemon Server] - 2025-08-11T08:13:08.413Z - Time taken for 'build-project-configs' 38.939332999999806ms
Time for 'build typescript dependencies' 0.02479200000016135
[NX v21.3.11 Daemon Server] - 2025-08-11T08:13:08.430Z - Wrote project graph cache to /Users/user/Documents/StockManagement/.nx/workspace-data/project-graph.json
[NX v21.3.11 Daemon Server] - 2025-08-11T08:13:08.430Z - [SYNC]: collect registered sync generators
[NX v21.3.11 Daemon Server] - 2025-08-11T08:13:08.430Z - [SYNC]: project graph hash is the same, not collecting task sync generators
[NX v21.3.11 Daemon Server] - 2025-08-11T08:13:08.431Z - [SYNC]: nx.json hash is the same, not collecting global sync generators
[NX v21.3.11 Daemon Server] - 2025-08-11T08:13:08.431Z - Time taken for 'total execution time for createProjectGraph()' 13.673667000000023ms
[NX v21.3.11 Daemon Server] - 2025-08-11T08:13:08.471Z - [WATCHER]: 3 file(s) created or restored, 1 file(s) modified, 3 file(s) deleted
[NX v21.3.11 Daemon Server] - 2025-08-11T08:13:08.582Z - [REQUEST]: Updated workspace context based on watched changes, recomputing project graph...
[NX v21.3.11 Daemon Server] - 2025-08-11T08:13:08.582Z - [REQUEST]: .nx/workspace-data/project-graph.json,.nx/workspace-data/file-map.json,.nx/workspace-data/source-maps.json,.nx/workspace-data/eslint-2654242865465226088.hash
[NX v21.3.11 Daemon Server] - 2025-08-11T08:13:08.582Z - [REQUEST]: .nx/workspace-data/project-graph.json~995bfbe8,.nx/workspace-data/file-map.json~995bfbe8,.nx/workspace-data/source-maps.json~995bfbe8
[NX v21.3.11 Daemon Server] - 2025-08-11T08:13:08.586Z - Time taken for 'hash changed files from watcher' 10.26254199999994ms
Time for 'nx/core/project-json:createNodes' 0.2229170000000522
Time for 'nx/core/package-json:createNodes' 0.4584580000000642
Time for 'nx/js/dependencies-and-lockfile:createNodes' 2.8408330000002024
[NX v21.3.11 Daemon Server] - 2025-08-11T08:13:08.607Z - [REQUEST]: Responding to the client. handleGlob
[NX v21.3.11 Daemon Server] - 2025-08-11T08:13:08.607Z - Done responding to the client handleGlob
[NX v21.3.11 Daemon Server] - 2025-08-11T08:13:08.607Z - Handled GLOB. Handling time: 20. Response time: 0.
Time for 'total for sendMessageToDaemon()' 21.212290999999823
Time for 'deserialize daemon response' 0.014125000000149157
[NX v21.3.11 Daemon Server] - 2025-08-11T08:13:08.620Z - [REQUEST]: Responding to the client. handleHashMultiGlob
[NX v21.3.11 Daemon Server] - 2025-08-11T08:13:08.620Z - Done responding to the client handleHashMultiGlob
[NX v21.3.11 Daemon Server] - 2025-08-11T08:13:08.620Z - Handled HASH_GLOB. Handling time: 12. Response time: 0.
Time for '@nx/eslint/plugin:createNodes' 35.1046250000004
Time for 'total for sendMessageToDaemon()' 13.151916000000256
Time for 'deserialize daemon response' 0.00633300000026793

 NX   Using `implicitDependencies` for global implicit dependencies configuration is no longer supported.

Use "namedInputs" instead. You can run "nx repair" to automatically migrate your configuration.
For more information about the usage of "namedInputs" see https://nx.dev/deprecated/global-implicit-dependencies#global-implicit-dependencies

[NX v21.3.11 Daemon Server] - 2025-08-11T08:13:08.623Z - Time taken for 'build-project-configs' 37.07495800000015ms
Time for 'build typescript dependencies' 0.00829199999998309
[NX v21.3.11 Daemon Server] - 2025-08-11T08:13:08.637Z - Wrote project graph cache to /Users/user/Documents/StockManagement/.nx/workspace-data/project-graph.json
[NX v21.3.11 Daemon Server] - 2025-08-11T08:13:08.637Z - [SYNC]: collect registered sync generators
[NX v21.3.11 Daemon Server] - 2025-08-11T08:13:08.637Z - [SYNC]: project graph hash is the same, not collecting task sync generators
[NX v21.3.11 Daemon Server] - 2025-08-11T08:13:08.637Z - [SYNC]: nx.json hash is the same, not collecting global sync generators
[NX v21.3.11 Daemon Server] - 2025-08-11T08:13:08.637Z - Time taken for 'total execution time for createProjectGraph()' 8.717749999999796ms
[NX v21.3.11 Daemon Server] - 2025-08-11T08:13:08.687Z - [WATCHER]: 3 file(s) created or restored, 1 file(s) modified, 3 file(s) deleted
[NX v21.3.11 Daemon Server] - 2025-08-11T08:13:08.798Z - [REQUEST]: Updated workspace context based on watched changes, recomputing project graph...
[NX v21.3.11 Daemon Server] - 2025-08-11T08:13:08.798Z - [REQUEST]: .nx/workspace-data/file-map.json,.nx/workspace-data/project-graph.json,.nx/workspace-data/source-maps.json,.nx/workspace-data/eslint-2654242865465226088.hash
[NX v21.3.11 Daemon Server] - 2025-08-11T08:13:08.798Z - [REQUEST]: .nx/workspace-data/file-map.json~029a9cab,.nx/workspace-data/source-maps.json~029a9cab,.nx/workspace-data/project-graph.json~029a9cab
[NX v21.3.11 Daemon Server] - 2025-08-11T08:13:08.813Z - Time taken for 'hash changed files from watcher' 10.297458000000006ms
Time for 'nx/core/project-json:createNodes' 0.29241700000011406
Time for 'nx/core/package-json:createNodes' 0.5724579999996422
[NX v21.3.11 Daemon Server] - 2025-08-11T08:13:08.818Z - [REQUEST]: Responding to the client. handleGlob
[NX v21.3.11 Daemon Server] - 2025-08-11T08:13:08.818Z - Done responding to the client handleGlob
[NX v21.3.11 Daemon Server] - 2025-08-11T08:13:08.818Z - Handled GLOB. Handling time: 4. Response time: 0.
Time for 'total for sendMessageToDaemon()' 4.874375000000327
Time for 'deserialize daemon response' 0.016583000000082393
Time for 'nx/js/dependencies-and-lockfile:createNodes' 6.961166000000048
[NX v21.3.11 Daemon Server] - 2025-08-11T08:13:08.871Z - [REQUEST]: Responding to the client. handleHashMultiGlob
[NX v21.3.11 Daemon Server] - 2025-08-11T08:13:08.871Z - Done responding to the client handleHashMultiGlob
[NX v21.3.11 Daemon Server] - 2025-08-11T08:13:08.871Z - Handled HASH_GLOB. Handling time: 51. Response time: 1.
Time for '@nx/eslint/plugin:createNodes' 58.777708000000075
Time for 'total for sendMessageToDaemon()' 52.37691700000005
Time for 'deserialize daemon response' 0.032124999999723514

 NX   Using `implicitDependencies` for global implicit dependencies configuration is no longer supported.

Use "namedInputs" instead. You can run "nx repair" to automatically migrate your configuration.
For more information about the usage of "namedInputs" see https://nx.dev/deprecated/global-implicit-dependencies#global-implicit-dependencies

[NX v21.3.11 Daemon Server] - 2025-08-11T08:13:08.879Z - Time taken for 'build-project-configs' 63.64204100000006ms
Time for 'build typescript dependencies' 0.03279199999997218
[NX v21.3.11 Daemon Server] - 2025-08-11T08:13:08.902Z - Wrote project graph cache to /Users/user/Documents/StockManagement/.nx/workspace-data/project-graph.json
[NX v21.3.11 Daemon Server] - 2025-08-11T08:13:08.902Z - [SYNC]: collect registered sync generators
[NX v21.3.11 Daemon Server] - 2025-08-11T08:13:08.902Z - [SYNC]: project graph hash is the same, not collecting task sync generators
[NX v21.3.11 Daemon Server] - 2025-08-11T08:13:08.902Z - [SYNC]: nx.json hash is the same, not collecting global sync generators
[NX v21.3.11 Daemon Server] - 2025-08-11T08:13:08.902Z - Time taken for 'total execution time for createProjectGraph()' 19.106125000000247ms
[NX v21.3.11 Daemon Server] - 2025-08-11T08:13:08.937Z - [WATCHER]: 3 file(s) created or restored, 1 file(s) modified, 3 file(s) deleted
[NX v21.3.11 Daemon Server] - 2025-08-11T08:13:09.048Z - [REQUEST]: Updated workspace context based on watched changes, recomputing project graph...
[NX v21.3.11 Daemon Server] - 2025-08-11T08:13:09.048Z - [REQUEST]: .nx/workspace-data/source-maps.json,.nx/workspace-data/project-graph.json,.nx/workspace-data/file-map.json,.nx/workspace-data/eslint-2654242865465226088.hash
[NX v21.3.11 Daemon Server] - 2025-08-11T08:13:09.048Z - [REQUEST]: .nx/workspace-data/file-map.json~1bffb900,.nx/workspace-data/source-maps.json~1bffb900,.nx/workspace-data/project-graph.json~1bffb900
[NX v21.3.11 Daemon Server] - 2025-08-11T08:13:09.080Z - Time taken for 'hash changed files from watcher' 10.276332999999795ms
Time for 'nx/core/project-json:createNodes' 0.5643749999999272
Time for 'nx/core/package-json:createNodes' 1.0647079999998823
Time for 'nx/js/dependencies-and-lockfile:createNodes' 7.375542000000678
[NX v21.3.11 Daemon Server] - 2025-08-11T08:13:09.108Z - [REQUEST]: Responding to the client. handleGlob
[NX v21.3.11 Daemon Server] - 2025-08-11T08:13:09.109Z - Done responding to the client handleGlob
[NX v21.3.11 Daemon Server] - 2025-08-11T08:13:09.109Z - Handled GLOB. Handling time: 26. Response time: 1.
Time for 'total for sendMessageToDaemon()' 28.01075000000037
Time for 'deserialize daemon response' 0.027417000000241387
[NX v21.3.11 Daemon Server] - 2025-08-11T08:13:09.149Z - [REQUEST]: Responding to the client. handleHashMultiGlob
[NX v21.3.11 Daemon Server] - 2025-08-11T08:13:09.149Z - Done responding to the client handleHashMultiGlob
[NX v21.3.11 Daemon Server] - 2025-08-11T08:13:09.149Z - Handled HASH_GLOB. Handling time: 39. Response time: 0.
Time for '@nx/eslint/plugin:createNodes' 70.36687499999971
Time for 'total for sendMessageToDaemon()' 40.17608300000029
Time for 'deserialize daemon response' 0.021999999999934516

 NX   Using `implicitDependencies` for global implicit dependencies configuration is no longer supported.

Use "namedInputs" instead. You can run "nx repair" to automatically migrate your configuration.
For more information about the usage of "namedInputs" see https://nx.dev/deprecated/global-implicit-dependencies#global-implicit-dependencies

[NX v21.3.11 Daemon Server] - 2025-08-11T08:13:09.158Z - Time taken for 'build-project-configs' 76.05783299999985ms
Time for 'build typescript dependencies' 0.03374999999959982
[NX v21.3.11 Daemon Server] - 2025-08-11T08:13:09.180Z - Wrote project graph cache to /Users/user/Documents/StockManagement/.nx/workspace-data/project-graph.json
[NX v21.3.11 Daemon Server] - 2025-08-11T08:13:09.180Z - [SYNC]: collect registered sync generators
[NX v21.3.11 Daemon Server] - 2025-08-11T08:13:09.180Z - [SYNC]: project graph hash is the same, not collecting task sync generators
[NX v21.3.11 Daemon Server] - 2025-08-11T08:13:09.180Z - [SYNC]: nx.json hash is the same, not collecting global sync generators
[NX v21.3.11 Daemon Server] - 2025-08-11T08:13:09.180Z - Time taken for 'total execution time for createProjectGraph()' 18.924292000000605ms
[NX v21.3.11 Daemon Server] - 2025-08-11T08:13:09.220Z - [WATCHER]: 3 file(s) created or restored, 1 file(s) modified, 3 file(s) deleted
[NX v21.3.11 Daemon Server] - 2025-08-11T08:13:09.331Z - [REQUEST]: Updated workspace context based on watched changes, recomputing project graph...
[NX v21.3.11 Daemon Server] - 2025-08-11T08:13:09.331Z - [REQUEST]: .nx/workspace-data/file-map.json,.nx/workspace-data/source-maps.json,.nx/workspace-data/project-graph.json,.nx/workspace-data/eslint-2654242865465226088.hash
[NX v21.3.11 Daemon Server] - 2025-08-11T08:13:09.331Z - [REQUEST]: .nx/workspace-data/file-map.json~e0b645f3,.nx/workspace-data/project-graph.json~e0b645f3,.nx/workspace-data/source-maps.json~e0b645f3
[NX v21.3.11 Daemon Server] - 2025-08-11T08:13:09.361Z - Time taken for 'hash changed files from watcher' 10.275708000000122ms
Time for 'nx/core/project-json:createNodes' 0.16625000000021828
Time for 'nx/core/package-json:createNodes' 0.551792000000205
[NX v21.3.11 Daemon Server] - 2025-08-11T08:13:09.363Z - [REQUEST]: Responding to the client. handleGlob
[NX v21.3.11 Daemon Server] - 2025-08-11T08:13:09.363Z - Done responding to the client handleGlob
[NX v21.3.11 Daemon Server] - 2025-08-11T08:13:09.363Z - Handled GLOB. Handling time: 1. Response time: 0.
Time for 'total for sendMessageToDaemon()' 1.5418749999998909
Time for 'deserialize daemon response' 0.009625000000596629
[NX v21.3.11 Daemon Server] - 2025-08-11T08:13:09.364Z - [REQUEST]: Responding to the client. handleHashMultiGlob
[NX v21.3.11 Daemon Server] - 2025-08-11T08:13:09.364Z - Done responding to the client handleHashMultiGlob
[NX v21.3.11 Daemon Server] - 2025-08-11T08:13:09.364Z - Handled HASH_GLOB. Handling time: 0. Response time: 0.
Time for '@nx/eslint/plugin:createNodes' 3.617583999999624
Time for 'total for sendMessageToDaemon()' 1.1199999999998909
Time for 'deserialize daemon response' 0.009917000000314147
Time for 'nx/js/dependencies-and-lockfile:createNodes' 4.890416000000187

 NX   Using `implicitDependencies` for global implicit dependencies configuration is no longer supported.

Use "namedInputs" instead. You can run "nx repair" to automatically migrate your configuration.
For more information about the usage of "namedInputs" see https://nx.dev/deprecated/global-implicit-dependencies#global-implicit-dependencies

[NX v21.3.11 Daemon Server] - 2025-08-11T08:13:09.373Z - Time taken for 'build-project-configs' 9.923249999999825ms
Time for 'build typescript dependencies' 0.015124999999898137
[NX v21.3.11 Daemon Server] - 2025-08-11T08:13:09.391Z - Wrote project graph cache to /Users/user/Documents/StockManagement/.nx/workspace-data/project-graph.json
[NX v21.3.11 Daemon Server] - 2025-08-11T08:13:09.391Z - [SYNC]: collect registered sync generators
[NX v21.3.11 Daemon Server] - 2025-08-11T08:13:09.391Z - [SYNC]: project graph hash is the same, not collecting task sync generators
[NX v21.3.11 Daemon Server] - 2025-08-11T08:13:09.391Z - [SYNC]: nx.json hash is the same, not collecting global sync generators
[NX v21.3.11 Daemon Server] - 2025-08-11T08:13:09.391Z - Time taken for 'total execution time for createProjectGraph()' 14.238083000000188ms
[NX v21.3.11 Daemon Server] - 2025-08-11T08:13:09.429Z - [WATCHER]: 3 file(s) created or restored, 1 file(s) modified, 3 file(s) deleted
[NX v21.3.11 Daemon Server] - 2025-08-11T08:13:09.534Z - [REQUEST]: Updated workspace context based on watched changes, recomputing project graph...
[NX v21.3.11 Daemon Server] - 2025-08-11T08:13:09.534Z - [REQUEST]: .nx/workspace-data/project-graph.json,.nx/workspace-data/file-map.json,.nx/workspace-data/source-maps.json,.nx/workspace-data/eslint-2654242865465226088.hash
[NX v21.3.11 Daemon Server] - 2025-08-11T08:13:09.534Z - [REQUEST]: .nx/workspace-data/project-graph.json~52f32d53,.nx/workspace-data/source-maps.json~52f32d53,.nx/workspace-data/file-map.json~52f32d53
[NX v21.3.11 Daemon Server] - 2025-08-11T08:13:09.535Z - Time taken for 'hash changed files from watcher' 3.685707999999977ms
Time for 'nx/core/project-json:createNodes' 0.2318329999998241
Time for 'nx/core/package-json:createNodes' 0.6612079999995331
[NX v21.3.11 Daemon Server] - 2025-08-11T08:13:09.537Z - [REQUEST]: Responding to the client. handleGlob
[NX v21.3.11 Daemon Server] - 2025-08-11T08:13:09.537Z - Done responding to the client handleGlob
[NX v21.3.11 Daemon Server] - 2025-08-11T08:13:09.537Z - Handled GLOB. Handling time: 1. Response time: 0.
Time for 'total for sendMessageToDaemon()' 1.4850839999999152
Time for 'deserialize daemon response' 0.010874999999941792
Time for 'nx/js/dependencies-and-lockfile:createNodes' 4.018000000000029
[NX v21.3.11 Daemon Server] - 2025-08-11T08:13:09.561Z - [REQUEST]: Responding to the client. handleHashMultiGlob
[NX v21.3.11 Daemon Server] - 2025-08-11T08:13:09.561Z - Done responding to the client handleHashMultiGlob
[NX v21.3.11 Daemon Server] - 2025-08-11T08:13:09.561Z - Handled HASH_GLOB. Handling time: 23. Response time: 0.
Time for '@nx/eslint/plugin:createNodes' 26.904249999999593
Time for 'total for sendMessageToDaemon()' 24.478291999999783
Time for 'deserialize daemon response' 0.008249999999861757

 NX   Using `implicitDependencies` for global implicit dependencies configuration is no longer supported.

Use "namedInputs" instead. You can run "nx repair" to automatically migrate your configuration.
For more information about the usage of "namedInputs" see https://nx.dev/deprecated/global-implicit-dependencies#global-implicit-dependencies

[NX v21.3.11 Daemon Server] - 2025-08-11T08:13:09.567Z - Time taken for 'build-project-configs' 30.74541700000009ms
Time for 'build typescript dependencies' 0.01375000000007276
[NX v21.3.11 Daemon Server] - 2025-08-11T08:13:09.584Z - Wrote project graph cache to /Users/user/Documents/StockManagement/.nx/workspace-data/project-graph.json
[NX v21.3.11 Daemon Server] - 2025-08-11T08:13:09.584Z - [SYNC]: collect registered sync generators
[NX v21.3.11 Daemon Server] - 2025-08-11T08:13:09.585Z - [SYNC]: project graph hash is the same, not collecting task sync generators
[NX v21.3.11 Daemon Server] - 2025-08-11T08:13:09.585Z - [SYNC]: nx.json hash is the same, not collecting global sync generators
[NX v21.3.11 Daemon Server] - 2025-08-11T08:13:09.585Z - Time taken for 'total execution time for createProjectGraph()' 13.367750000000342ms
[NX v21.3.11 Daemon Server] - 2025-08-11T08:13:09.627Z - [WATCHER]: 3 file(s) created or restored, 1 file(s) modified, 3 file(s) deleted
[NX v21.3.11 Daemon Server] - 2025-08-11T08:13:09.737Z - [REQUEST]: Updated workspace context based on watched changes, recomputing project graph...
[NX v21.3.11 Daemon Server] - 2025-08-11T08:13:09.737Z - [REQUEST]: .nx/workspace-data/project-graph.json,.nx/workspace-data/source-maps.json,.nx/workspace-data/file-map.json,.nx/workspace-data/eslint-2654242865465226088.hash
[NX v21.3.11 Daemon Server] - 2025-08-11T08:13:09.737Z - [REQUEST]: .nx/workspace-data/project-graph.json~1a92b151,.nx/workspace-data/source-maps.json~1a92b151,.nx/workspace-data/file-map.json~1a92b151
[NX v21.3.11 Daemon Server] - 2025-08-11T08:13:09.788Z - Time taken for 'hash changed files from watcher' 10.58954200000062ms
Time for 'nx/core/project-json:createNodes' 0.35929200000009587
Time for 'nx/core/package-json:createNodes' 0.6425420000005033
Time for 'nx/js/dependencies-and-lockfile:createNodes' 3.2545000000000073
[NX v21.3.11 Daemon Server] - 2025-08-11T08:13:09.792Z - [REQUEST]: Responding to the client. handleGlob
[NX v21.3.11 Daemon Server] - 2025-08-11T08:13:09.792Z - Done responding to the client handleGlob
[NX v21.3.11 Daemon Server] - 2025-08-11T08:13:09.792Z - Handled GLOB. Handling time: 3. Response time: 0.
Time for 'total for sendMessageToDaemon()' 3.803834000000279
Time for 'deserialize daemon response' 0.0194999999994252
[NX v21.3.11 Daemon Server] - 2025-08-11T08:13:09.795Z - [REQUEST]: Responding to the client. handleHashMultiGlob
[NX v21.3.11 Daemon Server] - 2025-08-11T08:13:09.795Z - Done responding to the client handleHashMultiGlob
[NX v21.3.11 Daemon Server] - 2025-08-11T08:13:09.795Z - Handled HASH_GLOB. Handling time: 2. Response time: 0.
Time for '@nx/eslint/plugin:createNodes' 7.371624999999767
Time for 'total for sendMessageToDaemon()' 2.7056669999992664
Time for 'deserialize daemon response' 0.003666999999950349

 NX   Using `implicitDependencies` for global implicit dependencies configuration is no longer supported.

Use "namedInputs" instead. You can run "nx repair" to automatically migrate your configuration.
For more information about the usage of "namedInputs" see https://nx.dev/deprecated/global-implicit-dependencies#global-implicit-dependencies

[NX v21.3.11 Daemon Server] - 2025-08-11T08:13:09.801Z - Time taken for 'build-project-configs' 11.84204200000022ms
Time for 'build typescript dependencies' 0.015249999999468855
[NX v21.3.11 Daemon Server] - 2025-08-11T08:13:09.820Z - Wrote project graph cache to /Users/user/Documents/StockManagement/.nx/workspace-data/project-graph.json
[NX v21.3.11 Daemon Server] - 2025-08-11T08:13:09.820Z - [SYNC]: collect registered sync generators
[NX v21.3.11 Daemon Server] - 2025-08-11T08:13:09.820Z - [SYNC]: project graph hash is the same, not collecting task sync generators
[NX v21.3.11 Daemon Server] - 2025-08-11T08:13:09.820Z - [SYNC]: nx.json hash is the same, not collecting global sync generators
[NX v21.3.11 Daemon Server] - 2025-08-11T08:13:09.820Z - Time taken for 'total execution time for createProjectGraph()' 14.445832999999766ms
[NX v21.3.11 Daemon Server] - 2025-08-11T08:13:09.866Z - [WATCHER]: 3 file(s) created or restored, 1 file(s) modified, 3 file(s) deleted
[NX v21.3.11 Daemon Server] - 2025-08-11T08:13:09.967Z - [REQUEST]: Updated workspace context based on watched changes, recomputing project graph...
[NX v21.3.11 Daemon Server] - 2025-08-11T08:13:09.968Z - [REQUEST]: .nx/workspace-data/project-graph.json,.nx/workspace-data/file-map.json,.nx/workspace-data/source-maps.json,.nx/workspace-data/eslint-2654242865465226088.hash
[NX v21.3.11 Daemon Server] - 2025-08-11T08:13:09.968Z - [REQUEST]: .nx/workspace-data/project-graph.json~aefa4fcd,.nx/workspace-data/source-maps.json~aefa4fcd,.nx/workspace-data/file-map.json~aefa4fcd
[NX v21.3.11 Daemon Server] - 2025-08-11T08:13:10.039Z - Time taken for 'hash changed files from watcher' 0.5098339999995005ms
Time for 'nx/core/project-json:createNodes' 0.35229200000048877
Time for 'nx/core/package-json:createNodes' 0.7032079999999041
[NX v21.3.11 Daemon Server] - 2025-08-11T08:13:10.041Z - [REQUEST]: Responding to the client. handleGlob
[NX v21.3.11 Daemon Server] - 2025-08-11T08:13:10.041Z - Done responding to the client handleGlob
[NX v21.3.11 Daemon Server] - 2025-08-11T08:13:10.041Z - Handled GLOB. Handling time: 1. Response time: 0.
Time for 'total for sendMessageToDaemon()' 1.8933329999999842
Time for 'deserialize daemon response' 0.012374999999337888
[NX v21.3.11 Daemon Server] - 2025-08-11T08:13:10.043Z - [REQUEST]: Responding to the client. handleHashMultiGlob
[NX v21.3.11 Daemon Server] - 2025-08-11T08:13:10.043Z - Done responding to the client handleHashMultiGlob
[NX v21.3.11 Daemon Server] - 2025-08-11T08:13:10.043Z - Handled HASH_GLOB. Handling time: 2. Response time: 0.
Time for '@nx/eslint/plugin:createNodes' 4.563625000000684
Time for 'total for sendMessageToDaemon()' 1.7780830000001515
Time for 'deserialize daemon response' 0.0032499999997526174
Time for 'nx/js/dependencies-and-lockfile:createNodes' 5.851208000000042

 NX   Using `implicitDependencies` for global implicit dependencies configuration is no longer supported.

Use "namedInputs" instead. You can run "nx repair" to automatically migrate your configuration.
For more information about the usage of "namedInputs" see https://nx.dev/deprecated/global-implicit-dependencies#global-implicit-dependencies

[NX v21.3.11 Daemon Server] - 2025-08-11T08:13:10.051Z - Time taken for 'build-project-configs' 11.561208999999508ms
Time for 'build typescript dependencies' 0.01412499999969441
[NX v21.3.11 Daemon Server] - 2025-08-11T08:13:10.069Z - Wrote project graph cache to /Users/user/Documents/StockManagement/.nx/workspace-data/project-graph.json
[NX v21.3.11 Daemon Server] - 2025-08-11T08:13:10.069Z - [SYNC]: collect registered sync generators
[NX v21.3.11 Daemon Server] - 2025-08-11T08:13:10.069Z - [SYNC]: project graph hash is the same, not collecting task sync generators
[NX v21.3.11 Daemon Server] - 2025-08-11T08:13:10.069Z - [SYNC]: nx.json hash is the same, not collecting global sync generators
[NX v21.3.11 Daemon Server] - 2025-08-11T08:13:10.069Z - Time taken for 'total execution time for createProjectGraph()' 13.7606250000008ms
[NX v21.3.11 Daemon Server] - 2025-08-11T08:13:10.121Z - [WATCHER]: 3 file(s) created or restored, 1 file(s) modified, 3 file(s) deleted
[NX v21.3.11 Daemon Server] - 2025-08-11T08:13:10.194Z - [WATCHER]: .git/index.lock was created or restored
[NX v21.3.11 Daemon Server] - 2025-08-11T08:13:10.222Z - [REQUEST]: Updated workspace context based on watched changes, recomputing project graph...
[NX v21.3.11 Daemon Server] - 2025-08-11T08:13:10.223Z - [REQUEST]: .nx/workspace-data/file-map.json,.nx/workspace-data/source-maps.json,.nx/workspace-data/project-graph.json,.nx/workspace-data/eslint-2654242865465226088.hash,.git/index.lock
[NX v21.3.11 Daemon Server] - 2025-08-11T08:13:10.223Z - [REQUEST]: .nx/workspace-data/project-graph.json~f8e0ba99,.nx/workspace-data/file-map.json~f8e0ba99,.nx/workspace-data/source-maps.json~f8e0ba99
Time for 'nx/core/project-json:createNodes' 0.13995799999975134
Time for 'nx/core/package-json:createNodes' 0.24970899999971152
[NX v21.3.11 Daemon Server] - 2025-08-11T08:13:10.225Z - [REQUEST]: Responding to the client. handleGlob
[NX v21.3.11 Daemon Server] - 2025-08-11T08:13:10.225Z - Done responding to the client handleGlob
[NX v21.3.11 Daemon Server] - 2025-08-11T08:13:10.225Z - Handled GLOB. Handling time: 0. Response time: 0.
[NX v21.3.11 Daemon Server] - 2025-08-11T08:13:10.225Z - Time taken for 'hash changed files from watcher' 0.6243329999997513ms
Time for 'total for sendMessageToDaemon()' 0.8653329999997368
Time for 'deserialize daemon response' 0.00724999999965803
[NX v21.3.11 Daemon Server] - 2025-08-11T08:13:10.228Z - [REQUEST]: Responding to the client. handleHashMultiGlob
[NX v21.3.11 Daemon Server] - 2025-08-11T08:13:10.228Z - Done responding to the client handleHashMultiGlob
[NX v21.3.11 Daemon Server] - 2025-08-11T08:13:10.228Z - Handled HASH_GLOB. Handling time: 2. Response time: 0.
Time for '@nx/eslint/plugin:createNodes' 4.296917000000576
Time for 'total for sendMessageToDaemon()' 2.842541999999412
Time for 'deserialize daemon response' 0.007666999999855761
Time for 'nx/js/dependencies-and-lockfile:createNodes' 3.577541999999994

 NX   Using `implicitDependencies` for global implicit dependencies configuration is no longer supported.

Use "namedInputs" instead. You can run "nx repair" to automatically migrate your configuration.
For more information about the usage of "namedInputs" see https://nx.dev/deprecated/global-implicit-dependencies#global-implicit-dependencies

[NX v21.3.11 Daemon Server] - 2025-08-11T08:13:10.235Z - Time taken for 'build-project-configs' 9.385208000000603ms
Time for 'build typescript dependencies' 0.013417000000117696
[NX v21.3.11 Daemon Server] - 2025-08-11T08:13:10.251Z - Wrote project graph cache to /Users/user/Documents/StockManagement/.nx/workspace-data/project-graph.json
[NX v21.3.11 Daemon Server] - 2025-08-11T08:13:10.251Z - [SYNC]: collect registered sync generators
[NX v21.3.11 Daemon Server] - 2025-08-11T08:13:10.251Z - [SYNC]: project graph hash is the same, not collecting task sync generators
[NX v21.3.11 Daemon Server] - 2025-08-11T08:13:10.251Z - [SYNC]: nx.json hash is the same, not collecting global sync generators
[NX v21.3.11 Daemon Server] - 2025-08-11T08:13:10.251Z - Time taken for 'total execution time for createProjectGraph()' 11.290415999999823ms
[NX v21.3.11 Daemon Server] - 2025-08-11T08:13:10.294Z - [WATCHER]: 3 file(s) created or restored, 1 file(s) modified, 3 file(s) deleted
[NX v21.3.11 Daemon Server] - 2025-08-11T08:13:10.395Z - [REQUEST]: Updated workspace context based on watched changes, recomputing project graph...
[NX v21.3.11 Daemon Server] - 2025-08-11T08:13:10.395Z - [REQUEST]: .nx/workspace-data/project-graph.json,.nx/workspace-data/source-maps.json,.nx/workspace-data/file-map.json,.nx/workspace-data/eslint-2654242865465226088.hash
[NX v21.3.11 Daemon Server] - 2025-08-11T08:13:10.395Z - [REQUEST]: .nx/workspace-data/source-maps.json~d3d2f90b,.nx/workspace-data/file-map.json~d3d2f90b,.nx/workspace-data/project-graph.json~d3d2f90b
[NX v21.3.11 Daemon Server] - 2025-08-11T08:13:10.400Z - Time taken for 'hash changed files from watcher' 0.3839170000001104ms
Time for 'nx/core/project-json:createNodes' 0.15258300000004965
Time for 'nx/core/package-json:createNodes' 0.5573329999997441
[NX v21.3.11 Daemon Server] - 2025-08-11T08:13:10.400Z - [REQUEST]: Responding to the client. handleGlob
[NX v21.3.11 Daemon Server] - 2025-08-11T08:13:10.400Z - Done responding to the client handleGlob
[NX v21.3.11 Daemon Server] - 2025-08-11T08:13:10.400Z - Handled GLOB. Handling time: 0. Response time: 0.
Time for 'total for sendMessageToDaemon()' 0.6172090000000026
Time for 'deserialize daemon response' 0.005041999999775726
Time for 'nx/js/dependencies-and-lockfile:createNodes' 3.750583000000006
[NX v21.3.11 Daemon Server] - 2025-08-11T08:13:10.405Z - [REQUEST]: Responding to the client. handleHashMultiGlob
[NX v21.3.11 Daemon Server] - 2025-08-11T08:13:10.405Z - Done responding to the client handleHashMultiGlob
[NX v21.3.11 Daemon Server] - 2025-08-11T08:13:10.405Z - Handled HASH_GLOB. Handling time: 4. Response time: 0.
Time for '@nx/eslint/plugin:createNodes' 5.711707999999817
Time for 'total for sendMessageToDaemon()' 4.187624999999571
Time for 'deserialize daemon response' 0.003749999999854481

 NX   Using `implicitDependencies` for global implicit dependencies configuration is no longer supported.

Use "namedInputs" instead. You can run "nx repair" to automatically migrate your configuration.
For more information about the usage of "namedInputs" see https://nx.dev/deprecated/global-implicit-dependencies#global-implicit-dependencies

[NX v21.3.11 Daemon Server] - 2025-08-11T08:13:10.408Z - Time taken for 'build-project-configs' 8.142291999999543ms
Time for 'build typescript dependencies' 0.009374999999636202
[NX v21.3.11 Daemon Server] - 2025-08-11T08:13:10.418Z - Wrote project graph cache to /Users/user/Documents/StockManagement/.nx/workspace-data/project-graph.json
[NX v21.3.11 Daemon Server] - 2025-08-11T08:13:10.418Z - [SYNC]: collect registered sync generators
[NX v21.3.11 Daemon Server] - 2025-08-11T08:13:10.418Z - [SYNC]: project graph hash is the same, not collecting task sync generators
[NX v21.3.11 Daemon Server] - 2025-08-11T08:13:10.418Z - [SYNC]: nx.json hash is the same, not collecting global sync generators
[NX v21.3.11 Daemon Server] - 2025-08-11T08:13:10.418Z - Time taken for 'total execution time for createProjectGraph()' 6.742750000000342ms
[NX v21.3.11 Daemon Server] - 2025-08-11T08:13:10.462Z - [WATCHER]: 3 file(s) created or restored, 1 file(s) modified, 3 file(s) deleted
[NX v21.3.11 Daemon Server] - 2025-08-11T08:13:10.563Z - [REQUEST]: Updated workspace context based on watched changes, recomputing project graph...
[NX v21.3.11 Daemon Server] - 2025-08-11T08:13:10.563Z - [REQUEST]: .nx/workspace-data/source-maps.json,.nx/workspace-data/project-graph.json,.nx/workspace-data/file-map.json,.nx/workspace-data/eslint-2654242865465226088.hash
[NX v21.3.11 Daemon Server] - 2025-08-11T08:13:10.563Z - [REQUEST]: .nx/workspace-data/project-graph.json~f49cbfbf,.nx/workspace-data/file-map.json~f49cbfbf,.nx/workspace-data/source-maps.json~f49cbfbf
[NX v21.3.11 Daemon Server] - 2025-08-11T08:13:10.567Z - Time taken for 'hash changed files from watcher' 0.511874999999236ms
Time for 'nx/core/package-json:createNodes' 0.24333299999943847
Time for 'nx/core/project-json:createNodes' 0.2581669999999576
[NX v21.3.11 Daemon Server] - 2025-08-11T08:13:10.568Z - [REQUEST]: Responding to the client. handleGlob
[NX v21.3.11 Daemon Server] - 2025-08-11T08:13:10.568Z - Done responding to the client handleGlob
[NX v21.3.11 Daemon Server] - 2025-08-11T08:13:10.568Z - Handled GLOB. Handling time: 0. Response time: 0.
Time for 'total for sendMessageToDaemon()' 0.6180000000003929
Time for 'deserialize daemon response' 0.009833000000071479
Time for 'nx/js/dependencies-and-lockfile:createNodes' 2.353291000000354
[NX v21.3.11 Daemon Server] - 2025-08-11T08:13:10.570Z - [REQUEST]: Responding to the client. handleHashMultiGlob
[NX v21.3.11 Daemon Server] - 2025-08-11T08:13:10.570Z - Done responding to the client handleHashMultiGlob
[NX v21.3.11 Daemon Server] - 2025-08-11T08:13:10.570Z - Handled HASH_GLOB. Handling time: 1. Response time: 0.
Time for '@nx/eslint/plugin:createNodes' 3.4124159999992116
Time for 'total for sendMessageToDaemon()' 2.282083000000057
Time for 'deserialize daemon response' 0.004208000000289758

 NX   Using `implicitDependencies` for global implicit dependencies configuration is no longer supported.

Use "namedInputs" instead. You can run "nx repair" to automatically migrate your configuration.
For more information about the usage of "namedInputs" see https://nx.dev/deprecated/global-implicit-dependencies#global-implicit-dependencies

[NX v21.3.11 Daemon Server] - 2025-08-11T08:13:10.576Z - Time taken for 'build-project-configs' 7.154874999999265ms
Time for 'build typescript dependencies' 0.0072919999993246165
[NX v21.3.11 Daemon Server] - 2025-08-11T08:13:10.586Z - Wrote project graph cache to /Users/user/Documents/StockManagement/.nx/workspace-data/project-graph.json
[NX v21.3.11 Daemon Server] - 2025-08-11T08:13:10.586Z - [SYNC]: collect registered sync generators
[NX v21.3.11 Daemon Server] - 2025-08-11T08:13:10.586Z - [SYNC]: project graph hash is the same, not collecting task sync generators
[NX v21.3.11 Daemon Server] - 2025-08-11T08:13:10.586Z - [SYNC]: nx.json hash is the same, not collecting global sync generators
[NX v21.3.11 Daemon Server] - 2025-08-11T08:13:10.586Z - Time taken for 'total execution time for createProjectGraph()' 8.44208400000025ms
[NX v21.3.11 Daemon Server] - 2025-08-11T08:13:10.636Z - [WATCHER]: 3 file(s) created or restored, 1 file(s) modified, 3 file(s) deleted
